[2m2025-07-08T17:19:18.452132Z[0m [32m INFO[0m [2mcargo_tarpaulin::config[0m[2m:[0m Creating config
[2m2025-07-08T17:19:18.909498Z[0m [32m INFO[0m [2mcargo_tarpaulin[0m[2m:[0m Running config fluentai-full
[2m2025-07-08T17:19:18.909516Z[0m [32m INFO[0m [2mcargo_tarpaulin[0m[2m:[0m Running Tarpaulin
[2m2025-07-08T17:19:18.909521Z[0m [32m INFO[0m [2mcargo_tarpaulin[0m[2m:[0m Building project
[2m2025-07-08T17:19:18.909526Z[0m [32m INFO[0m [2mcargo_tarpaulin::cargo[0m[2m:[0m Cleaning project
   Compiling proc-macro2 v1.0.95
   Compiling unicode-ident v1.0.18
   Compiling serde v1.0.219
   Compiling cfg-if v1.0.1
   Compiling libc v0.2.174
   Compiling autocfg v1.5.0
   Compiling scopeguard v1.2.0
   Compiling once_cell v1.21.3
   Compiling memchr v2.7.5
   Compiling pin-project-lite v0.2.16
   Compiling itoa v1.0.15
   Compiling log v0.4.27
   Compiling parking_lot_core v0.9.11
   Compiling libm v0.2.15
   Compiling serde_json v1.0.140
   Compiling ryu v1.0.20
   Compiling bytes v1.10.1
   Compiling crossbeam-utils v0.8.21
   Compiling lock_api v0.4.13
   Compiling tracing-core v0.1.34
   Compiling futures-core v0.3.31
   Compiling fnv v1.0.7
   Compiling num-traits v0.2.19
   Compiling rustc-hash v1.1.0
   Compiling equivalent v1.0.2
   Compiling foldhash v0.1.5
   Compiling allocator-api2 v0.2.21
   Compiling getrandom v0.3.3
   Compiling zerocopy v0.8.26
   Compiling quote v1.0.40
   Compiling hashbrown v0.15.4
   Compiling syn v2.0.104
   Compiling thiserror v1.0.69
   Compiling indexmap v2.10.0
   Compiling crossbeam-epoch v0.9.18
   Compiling crossbeam-queue v0.3.12
   Compiling futures-task v0.3.31
   Compiling bumpalo v3.19.0
   Compiling crossbeam-deque v0.8.6
   Compiling pin-utils v0.1.0
   Compiling futures-io v0.3.31
   Compiling slab v0.4.10
   Compiling signal-hook-registry v1.4.5
   Compiling mio v1.0.4
   Compiling anyhow v1.0.98
   Compiling writeable v0.6.1
   Compiling litemap v0.8.0
   Compiling core-foundation-sys v0.8.7
   Compiling futures-sink v0.3.31
   Compiling socket2 v0.5.10
   Compiling crossbeam-channel v0.5.15
   Compiling num_cpus v1.17.0
   Compiling icu_properties_data v2.0.1
   Compiling stable_deref_trait v1.2.0
   Compiling icu_normalizer_data v2.0.0
   Compiling errno v0.3.13
   Compiling fastrand v2.3.0
   Compiling futures-channel v0.3.31
   Compiling rustix v1.0.7
   Compiling percent-encoding v2.3.1
   Compiling crossbeam v0.8.4
   Compiling utf8_iter v1.0.4
   Compiling form_urlencoded v1.2.1
   Compiling native-tls v0.2.14
   Compiling iana-time-zone v0.1.63
   Compiling httparse v1.10.1
   Compiling getrandom v0.2.16
   Compiling core-foundation v0.9.4
   Compiling rand_core v0.6.4
   Compiling tower-service v0.3.3
   Compiling bitflags v1.3.2
   Compiling security-framework-sys v2.14.0
   Compiling httpdate v1.0.3
   Compiling mime v0.3.17
   Compiling toml_write v0.1.2
   Compiling hashbrown v0.14.5
   Compiling winnow v0.7.11
   Compiling http v0.2.12
   Compiling unicase v2.8.1
   Compiling try-lock v0.2.5
   Compiling system-configuration-sys v0.5.0
   Compiling want v0.3.1
   Compiling ppv-lite86 v0.2.21
   Compiling mime_guess v2.0.5
   Compiling encoding_rs v0.8.35
   Compiling synstructure v0.13.2
   Compiling rand_chacha v0.3.1
   Compiling base64 v0.21.7
   Compiling rand v0.8.5
   Compiling http-body v0.4.6
   Compiling system-configuration v0.5.1
   Compiling rustls-pemfile v1.0.4
   Compiling downcast-rs v1.2.1
   Compiling ipnet v2.11.0
   Compiling sync_wrapper v0.1.2
   Compiling beef v0.5.2
   Compiling regex-syntax v0.6.29
   Compiling regex-syntax v0.8.5
   Compiling heck v0.5.0
   Compiling rayon-core v1.12.1
   Compiling utf8parse v0.2.2
   Compiling anstyle-parse v0.2.7
   Compiling colorchoice v1.0.4
   Compiling anstyle-query v1.1.3
   Compiling is_terminal_polyfill v1.70.1
   Compiling anstyle v1.0.11
   Compiling clap_lex v0.7.5
   Compiling strsim v0.11.1
   Compiling rustc-hash v2.1.1
   Compiling aho-corasick v1.1.3
   Compiling anstream v0.6.19
   Compiling same-file v1.0.6
   Compiling half v2.6.0
   Compiling clap_builder v4.5.40
   Compiling walkdir v2.5.0
   Compiling ciborium-io v0.2.2
   Compiling plotters-backend v0.3.7
   Compiling ciborium-ll v0.2.2
   Compiling plotters-svg v0.3.7
   Compiling cast v0.3.0
   Compiling plotters v0.3.7
   Compiling is-terminal v0.4.16
   Compiling anes v0.1.6
   Compiling oorandom v11.1.5
   Compiling byteorder v1.5.0
   Compiling spin v0.9.8
   Compiling version_check v0.9.5
   Compiling lazy_static v1.5.0
   Compiling typenum v1.18.0
   Compiling logos-codegen v0.13.0
   Compiling regex-automata v0.4.9
   Compiling generic-array v0.14.7
   Compiling shlex v1.3.0
   Compiling serde_derive v1.0.219
   Compiling tracing-attributes v0.1.30
   Compiling zerofrom-derive v0.1.6
   Compiling yoke-derive v0.8.0
   Compiling zerovec-derive v0.11.1
   Compiling displaydoc v0.2.5
   Compiling thiserror-impl v1.0.69
   Compiling tokio-macros v2.5.0
   Compiling futures-macro v0.3.31
   Compiling async-trait v0.1.88
   Compiling logos-derive v0.13.0
   Compiling clap_derive v4.5.40
   Compiling zerofrom v0.1.6
   Compiling tracing v0.1.41
   Compiling regex v1.11.1
   Compiling yoke v0.8.0
   Compiling futures-util v0.3.31
   Compiling const-oid v0.9.6
   Compiling logos v0.13.0
   Compiling cc v1.2.27
   Compiling subtle v2.6.1
   Compiling rand_core v0.9.3
   Compiling wait-timeout v0.2.1
   Compiling zerovec v0.11.2
   Compiling zerotrie v0.2.2
   Compiling quick-error v1.2.3
   Compiling bit-vec v0.8.0
   Compiling rand v0.9.1
   Compiling rand_xorshift v0.4.0
   Compiling bit-set v0.8.0
   Compiling rand_chacha v0.9.0
   Compiling unarray v0.1.4
   Compiling cpufeatures v0.2.17
   Compiling glob v0.3.2
   Compiling base64 v0.22.1
   Compiling minimal-lexical v0.2.1
   Compiling clang-sys v1.8.1
   Compiling crypto-common v0.1.6
   Compiling block-buffer v0.10.4
   Compiling clap v4.5.40
   Compiling digest v0.10.7
   Compiling nom v7.1.3
   Compiling libloading v0.8.8
   Compiling bindgen v0.66.1
   Compiling http v1.3.1
   Compiling indexmap v1.9.3
   Compiling lazycell v1.3.0
   Compiling peeking_take_while v0.1.2
   Compiling tinystr v0.8.1
   Compiling potential_utf v0.1.2
   Compiling icu_locale_core v2.0.0
   Compiling icu_collections v2.0.0
   Compiling futures-executor v0.3.31
   Compiling icu_provider v2.0.0
   Compiling cexpr v0.6.0
   Compiling futures v0.3.31
   Compiling cmake v0.1.54
   Compiling hashbrown v0.12.3
   Compiling sha1 v0.10.6
   Compiling icu_properties v2.0.1
   Compiling pkg-config v0.3.32
   Compiling overload v0.1.1
   Compiling nu-ansi-term v0.46.0
   Compiling sharded-slab v0.1.7
   Compiling tracing-log v0.2.0
   Compiling smallvec v1.15.1
   Compiling bitflags v2.9.1
   Compiling icu_normalizer v2.0.0
   Compiling serde_urlencoded v0.7.1
   Compiling security-framework v2.11.1
   Compiling parking_lot v0.12.4
   Compiling toml_datetime v0.6.11
   Compiling serde_spanned v0.6.9
   Compiling tokio v1.46.0
   Compiling fluentai-core v0.1.0 (/Users/joe/repos/claudelang/rust/fluentai-core)
   Compiling idna_adapter v1.2.1
   Compiling toml_edit v0.22.27
   Compiling idna v1.0.3
   Compiling chrono v0.4.41
   Compiling tempfile v3.20.0
   Compiling url v2.5.4
   Compiling uuid v1.17.0
   Compiling dashmap v5.5.3
   Compiling fluentai-parser v0.1.0 (/Users/joe/repos/claudelang/rust/fluentai-parser)
   Compiling either v1.15.0
   Compiling tinytemplate v1.2.1
   Compiling rayon v1.10.0
   Compiling itertools v0.10.5
   Compiling toml v0.8.23
   Compiling ciborium v0.2.2
   Compiling fluentai-modules v0.1.0 (/Users/joe/repos/claudelang/rust/fluentai-modules)
   Compiling rusty-fork v0.3.0
   Compiling criterion-plot v0.5.0
   Compiling proptest v1.7.0
   Compiling thread_local v1.1.9
   Compiling criterion v0.5.1
   Compiling tower-layer v0.3.3
   Compiling tracing-subscriber v0.3.19
   Compiling async-stream-impl v0.3.6
   Compiling ahash v0.8.12
   Compiling adler2 v2.0.1
   Compiling tokio-util v0.7.15
   Compiling tokio-native-tls v0.3.1
   Compiling fluentai-di v0.1.0 (/Users/joe/repos/claudelang/rust/fluentai-di)
   Compiling miniz_oxide v0.8.9
   Compiling h2 v0.3.26
   Compiling tokio-stream v0.1.17
   Compiling async-stream v0.3.6
   Compiling lru v0.12.5
   Compiling thiserror v2.0.12
   Compiling zeroize v1.8.1
   Compiling parking v2.2.1
   Compiling http-body v1.0.1
   Compiling pin-project-internal v1.1.10
   Compiling thiserror-impl v2.0.12
   Compiling yansi v1.0.1
   Compiling cranelift-isle v0.104.3
   Compiling base64ct v1.8.0
   Compiling crc-catalog v2.4.0
   Compiling crc v3.3.0
   Compiling pem-rfc7468 v0.7.0
   Compiling hashlink v0.10.0
   Compiling hex v0.4.3
   Compiling diff v0.1.13
   Compiling cranelift-codegen-shared v0.104.3
   Compiling cranelift-codegen-meta v0.104.3
   Compiling pretty_assertions v1.4.1
   Compiling der v0.7.10
   Compiling hyper v0.14.32
   Compiling pin-project v1.1.10
   Compiling hdrhistogram v7.5.4
   Compiling rustversion v1.0.21
   Compiling target-lexicon v0.12.16
   Compiling tinyvec_macros v0.1.1
   Compiling num-bigint-dig v0.8.4
   Compiling tinyvec v1.9.0
   Compiling tower v0.4.13
   Compiling spki v0.7.3
   Compiling z3-sys v0.8.1
   Compiling http-body-util v0.1.3
   Compiling hashbrown v0.13.2
   Compiling hyper-tls v0.5.0
   Compiling reqwest v0.11.27
   Compiling sha2 v0.10.9
   Compiling arbitrary v1.4.1
   Compiling cranelift-entity v0.104.3
   Compiling cranelift-codegen v0.104.3
   Compiling data-encoding v2.9.0
   Compiling home v0.5.11
   Compiling utf-8 v0.7.6
   Compiling sync_wrapper v1.0.2
   Compiling slice-group-by v0.3.1
   Compiling cranelift-bforest v0.104.3
   Compiling regalloc2 v0.9.3
   Compiling cranelift-control v0.104.3
   Compiling tungstenite v0.24.0
   Compiling fluentai-effects v0.1.0 (/Users/joe/repos/claudelang/rust/fluentai-effects)
   Compiling unicode-normalization v0.1.24
   Compiling pkcs8 v0.10.2
   Compiling concurrent-queue v2.5.0
   Compiling hyper v1.6.0
   Compiling hmac v0.12.1
   Compiling fluentai-types v0.1.0 (/Users/joe/repos/claudelang/rust/fluentai-types)
   Compiling fluentai-stdlib v0.1.0 (/Users/joe/repos/claudelang/rust/fluentai-stdlib)
   Compiling gimli v0.28.1
   Compiling fluentai-optimizer v0.1.0 (/Users/joe/repos/claudelang/rust/fluentai-optimizer)
   Compiling vcpkg v0.2.15
   Compiling fluentai-vm v0.1.0 (/Users/joe/repos/claudelang/rust/fluentai-vm)
   Compiling unicode-properties v0.1.3
   Compiling unicode-bidi v0.3.18
   Compiling libsqlite3-sys v0.30.1
   Compiling stringprep v0.1.5
   Compiling hyper-util v0.1.14
   Compiling axum-core v0.4.5
   Compiling hkdf v0.12.4
   Compiling event-listener v5.4.0
   Compiling pkcs1 v0.7.5
   Compiling pyo3-build-config v0.19.2
error: failed to run custom build command for `z3-sys v0.8.1`

Caused by:
  process didn't exit successfully: `/Users/joe/repos/claudelang/rust/target/debug/build/z3-sys-f35b9f2bc0c271b5/build-script-build` (exit status: 101)
  --- stdout
  CMAKE_TOOLCHAIN_FILE_aarch64-apple-darwin = None
  CMAKE_TOOLCHAIN_FILE_aarch64_apple_darwin = None
  HOST_CMAKE_TOOLCHAIN_FILE = None
  CMAKE_TOOLCHAIN_FILE = None
  CMAKE_GENERATOR_aarch64-apple-darwin = None
  CMAKE_GENERATOR_aarch64_apple_darwin = None
  HOST_CMAKE_GENERATOR = None
  CMAKE_GENERATOR = None
  CMAKE_PREFIX_PATH_aarch64-apple-darwin = None
  CMAKE_PREFIX_PATH_aarch64_apple_darwin = None
  HOST_CMAKE_PREFIX_PATH = None
  CMAKE_PREFIX_PATH = None
  CMAKE_aarch64-apple-darwin = None
  CMAKE_aarch64_apple_darwin = None
  HOST_CMAKE = None
  CMAKE = None
  running: cd "/Users/joe/repos/claudelang/rust/target/debug/build/z3-sys-526ddcfcef5e5ce1/out/build" && CMAKE_PREFIX_PATH="" LC_ALL="C" "cmake" "/Users/joe/.cargo/registry/src/index.crates.io-1949cf8c6b5b557f/z3-sys-0.8.1/z3" "-DCMAKE_OSX_ARCHITECTURES=arm64" "-DZ3_BUILD_LIBZ3_SHARED=false" "-DZ3_BUILD_EXECUTABLE=false" "-DZ3_BUILD_TEST_EXECUTABLES=false" "-DCMAKE_INSTALL_PREFIX=/Users/joe/repos/claudelang/rust/target/debug/build/z3-sys-526ddcfcef5e5ce1/out" "-DCMAKE_C_FLAGS= -ffunction-sections -fdata-sections -fPIC --target=arm64-apple-macosx -mmacosx-version-min=15.5" "-DCMAKE_C_COMPILER=/usr/bin/cc" "-DCMAKE_CXX_FLAGS= -ffunction-sections -fdata-sections -fPIC --target=arm64-apple-macosx -mmacosx-version-min=15.5" "-DCMAKE_CXX_COMPILER=/usr/bin/c++" "-DCMAKE_ASM_FLAGS= -ffunction-sections -fdata-sections -fPIC --target=arm64-apple-macosx -mmacosx-version-min=15.5" "-DCMAKE_ASM_COMPILER=/usr/bin/cc" "-DCMAKE_BUILD_TYPE=Debug"
  -- The CXX compiler identification is AppleClang 17.0.0.17000013
  -- Detecting CXX compiler ABI info
  -- Detecting CXX compiler ABI info - done
  -- Check for working CXX compiler: /usr/bin/c++ - skipped
  -- Detecting CXX compile features
  -- Detecting CXX compile features - done
  -- Z3 version 4.12.1.0
  -- Failed to find git directory.
  -- CMake generator: Unix Makefiles
  -- Build type: Debug
  -- Found PythonInterp: /opt/homebrew/bin/python3 (found suitable version "3.13.2", minimum required is "3")
  -- PYTHON_EXECUTABLE: /opt/homebrew/bin/python3
  -- Detected target architecture: arm64
  -- Not using libgmp
  -- Not using Z3_API_LOG_SYNC
  -- Thread-safe build
  -- Performing Test CMAKE_HAVE_LIBC_PTHREAD
  -- Performing Test CMAKE_HAVE_LIBC_PTHREAD - Success
  -- Found Threads: TRUE
  -- Performing Test HAS__Wall
  -- Performing Test HAS__Wall - Success
  -- C++ compiler supports -Wall
  -- Treating only serious compiler warnings as errors
  -- Performing Test HAS__Werror_odr
  -- Performing Test HAS__Werror_odr - Success
  -- C++ compiler supports -Werror=odr
  -- Performing Test HAS__Werror_delete_non_virtual_dtor
  -- Performing Test HAS__Werror_delete_non_virtual_dtor - Success
  -- C++ compiler supports -Werror=delete-non-virtual-dtor
  -- Performing Test HAS__Werror_overloaded_virtual
  -- Performing Test HAS__Werror_overloaded_virtual - Success
  -- C++ compiler supports -Werror=overloaded-virtual
  -- Performing Test HAS__Werror_non_virtual_dtor
  -- Performing Test HAS__Werror_non_virtual_dtor - Success
  -- C++ compiler supports -Werror=non-virtual-dtor
  -- Performing Test HAS__Werror_null_dereference
  -- Performing Test HAS__Werror_null_dereference - Success
  -- C++ compiler supports -Werror=null-dereference
  -- Performing Test HAS__Werror_no_unreachable_code_return
  -- Performing Test HAS__Werror_no_unreachable_code_return - Failed
  -- C++ compiler does not support -Werror=no-unreachable-code-return
  -- LTO disabled
  -- Performing Test BUILTIN_ATOMIC
  -- Performing Test BUILTIN_ATOMIC - Failed
  -- Performing Test ATOMICS_REQUIRE_LIBATOMIC
  -- Performing Test ATOMICS_REQUIRE_LIBATOMIC - Failed
  -- Configuring incomplete, errors occurred!

  --- stderr
  CMake Deprecation Warning at CMakeLists.txt:2 (cmake_minimum_required):
    Compatibility with CMake < 3.10 will be removed from a future version of
    CMake.

    Update the VERSION argument <min> value.  Or, use the <min>...<max> syntax
    to tell CMake that the project requires at least <min> but has been updated
    to work with policies introduced by <max> or earlier.


  CMake Warning at CMakeLists.txt:44 (message):
    Disabling Z3_INCLUDE_GIT_DESCRIBE
  Call Stack (most recent call first):
    CMakeLists.txt:93 (disable_git_describe)


  CMake Warning at CMakeLists.txt:48 (message):
    Disabling Z3_INCLUDE_GIT_HASH
  Call Stack (most recent call first):
    CMakeLists.txt:94 (disable_git_hash)


  CMake Warning (dev) at CMakeLists.txt:156 (find_package):
    Policy CMP0148 is not set: The FindPythonInterp and FindPythonLibs modules
    are removed.  Run "cmake --help-policy CMP0148" for policy details.  Use
    the cmake_policy command to set the policy and suppress this warning.

  This warning is for project developers.  Use -Wno-dev to suppress it.

  CMake Error at cmake/check_link_atomic.cmake:21 (message):
    Host compiler must support std::atomic!
  Call Stack (most recent call first):
    CMakeLists.txt:376 (include)



  thread 'main' panicked at /Users/joe/.cargo/registry/src/index.crates.io-1949cf8c6b5b557f/cmake-0.1.54/src/lib.rs:1119:5:

  command did not execute successfully, got: exit status: 1

  build script failed, must exit now
  note: run with `RUST_BACKTRACE=1` environment variable to display a backtrace
warning: build failed, waiting for other jobs to finish...
[2m2025-07-08T17:19:45.827664Z[0m [31mERROR[0m [2mcargo_tarpaulin[0m[2m:[0m Cargo failed to run! Error: cargo run failed
[2m2025-07-08T17:19:46.207448Z[0m [32m INFO[0m [2mcargo_tarpaulin[0m[2m:[0m Running config fluentai-core
[2m2025-07-08T17:19:46.207472Z[0m [32m INFO[0m [2mcargo_tarpaulin[0m[2m:[0m Running Tarpaulin
[2m2025-07-08T17:19:46.207476Z[0m [32m INFO[0m [2mcargo_tarpaulin[0m[2m:[0m Building project
[2m2025-07-08T17:19:46.207480Z[0m [32m INFO[0m [2mcargo_tarpaulin::cargo[0m[2m:[0m Cleaning project
   Compiling proc-macro2 v1.0.95
   Compiling unicode-ident v1.0.18
   Compiling serde v1.0.219
   Compiling cfg-if v1.0.1
   Compiling libc v0.2.174
   Compiling autocfg v1.5.0
   Compiling once_cell v1.21.3
   Compiling scopeguard v1.2.0
   Compiling memchr v2.7.5
   Compiling pin-project-lite v0.2.16
   Compiling itoa v1.0.15
   Compiling log v0.4.27
   Compiling parking_lot_core v0.9.11
   Compiling libm v0.2.15
   Compiling serde_json v1.0.140
   Compiling ryu v1.0.20
   Compiling bytes v1.10.1
   Compiling crossbeam-utils v0.8.21
   Compiling tracing-core v0.1.34
   Compiling lock_api v0.4.13
   Compiling futures-core v0.3.31
   Compiling fnv v1.0.7
   Compiling num-traits v0.2.19
   Compiling foldhash v0.1.5
   Compiling equivalent v1.0.2
   Compiling rustc-hash v1.1.0
   Compiling allocator-api2 v0.2.21
   Compiling getrandom v0.3.3
   Compiling zerocopy v0.8.26
   Compiling thiserror v1.0.69
   Compiling hashbrown v0.15.4
   Compiling quote v1.0.40
   Compiling syn v2.0.104
   Compiling indexmap v2.10.0
   Compiling crossbeam-epoch v0.9.18
   Compiling crossbeam-queue v0.3.12
   Compiling futures-task v0.3.31
   Compiling crossbeam-deque v0.8.6
   Compiling bumpalo v3.19.0
   Compiling futures-io v0.3.31
   Compiling pin-utils v0.1.0
   Compiling slab v0.4.10
   Compiling signal-hook-registry v1.4.5
   Compiling mio v1.0.4
   Compiling litemap v0.8.0
   Compiling anyhow v1.0.98
   Compiling writeable v0.6.1
   Compiling core-foundation-sys v0.8.7
   Compiling futures-sink v0.3.31
   Compiling socket2 v0.5.10
   Compiling crossbeam-channel v0.5.15
   Compiling num_cpus v1.17.0
   Compiling icu_normalizer_data v2.0.0
   Compiling stable_deref_trait v1.2.0
   Compiling icu_properties_data v2.0.1
   Compiling errno v0.3.13
   Compiling fastrand v2.3.0
   Compiling futures-channel v0.3.31
   Compiling crossbeam v0.8.4
   Compiling rustix v1.0.7
   Compiling percent-encoding v2.3.1
   Compiling utf8_iter v1.0.4
   Compiling native-tls v0.2.14
   Compiling form_urlencoded v1.2.1
   Compiling iana-time-zone v0.1.63
   Compiling httparse v1.10.1
   Compiling getrandom v0.2.16
   Compiling core-foundation v0.9.4
   Compiling rand_core v0.6.4
   Compiling tower-service v0.3.3
   Compiling bitflags v1.3.2
   Compiling security-framework-sys v2.14.0
   Compiling httpdate v1.0.3
   Compiling mime v0.3.17
   Compiling hashbrown v0.14.5
   Compiling toml_write v0.1.2
   Compiling winnow v0.7.11
   Compiling http v0.2.12
   Compiling unicase v2.8.1
   Compiling system-configuration-sys v0.5.0
   Compiling try-lock v0.2.5
   Compiling want v0.3.1
   Compiling mime_guess v2.0.5
   Compiling ppv-lite86 v0.2.21
   Compiling encoding_rs v0.8.35
   Compiling base64 v0.21.7
   Compiling downcast-rs v1.2.1
   Compiling ipnet v2.11.0
   Compiling rand_chacha v0.3.1
   Compiling rand v0.8.5
   Compiling http-body v0.4.6
   Compiling synstructure v0.13.2
   Compiling system-configuration v0.5.1
   Compiling rustls-pemfile v1.0.4
   Compiling sync_wrapper v0.1.2
   Compiling beef v0.5.2
   Compiling regex-syntax v0.6.29
   Compiling regex-syntax v0.8.5
   Compiling heck v0.5.0
   Compiling rayon-core v1.12.1
   Compiling utf8parse v0.2.2
   Compiling anstyle-parse v0.2.7
   Compiling anstyle v1.0.11
   Compiling is_terminal_polyfill v1.70.1
   Compiling colorchoice v1.0.4
   Compiling anstyle-query v1.1.3
   Compiling clap_lex v0.7.5
   Compiling strsim v0.11.1
   Compiling anstream v0.6.19
   Compiling rustc-hash v2.1.1
   Compiling aho-corasick v1.1.3
   Compiling same-file v1.0.6
   Compiling half v2.6.0
   Compiling clap_builder v4.5.40
   Compiling walkdir v2.5.0
   Compiling ciborium-io v0.2.2
   Compiling plotters-backend v0.3.7
   Compiling ciborium-ll v0.2.2
   Compiling plotters-svg v0.3.7
   Compiling cast v0.3.0
   Compiling is-terminal v0.4.16
   Compiling plotters v0.3.7
   Compiling oorandom v11.1.5
   Compiling anes v0.1.6
   Compiling byteorder v1.5.0
   Compiling spin v0.9.8
   Compiling version_check v0.9.5
   Compiling logos-codegen v0.13.0
   Compiling lazy_static v1.5.0
   Compiling typenum v1.18.0
   Compiling regex-automata v0.4.9
   Compiling generic-array v0.14.7
   Compiling const-oid v0.9.6
   Compiling shlex v1.3.0
   Compiling subtle v2.6.1
   Compiling cc v1.2.27
   Compiling rand_core v0.9.3
   Compiling wait-timeout v0.2.1
   Compiling bit-vec v0.8.0
   Compiling serde_derive v1.0.219
   Compiling tracing-attributes v0.1.30
   Compiling zerofrom-derive v0.1.6
   Compiling yoke-derive v0.8.0
   Compiling zerovec-derive v0.11.1
   Compiling displaydoc v0.2.5
   Compiling thiserror-impl v1.0.69
   Compiling tokio-macros v2.5.0
   Compiling futures-macro v0.3.31
   Compiling async-trait v0.1.88
   Compiling logos-derive v0.13.0
   Compiling clap_derive v4.5.40
   Compiling tracing v0.1.41
   Compiling zerofrom v0.1.6
   Compiling regex v1.11.1
   Compiling quick-error v1.2.3
   Compiling bit-set v0.8.0
   Compiling yoke v0.8.0
   Compiling futures-util v0.3.31
   Compiling rand_xorshift v0.4.0
   Compiling rand_chacha v0.9.0
   Compiling logos v0.13.0
   Compiling rand v0.9.1
   Compiling block-buffer v0.10.4
   Compiling zerovec v0.11.2
   Compiling zerotrie v0.2.2
   Compiling crypto-common v0.1.6
   Compiling digest v0.10.7
   Compiling unarray v0.1.4
   Compiling cpufeatures v0.2.17
   Compiling glob v0.3.2
   Compiling base64 v0.22.1
   Compiling minimal-lexical v0.2.1
   Compiling nom v7.1.3
   Compiling libloading v0.8.8
   Compiling clang-sys v1.8.1
   Compiling bindgen v0.66.1
   Compiling http v1.3.1
   Compiling indexmap v1.9.3
   Compiling lazycell v1.3.0
   Compiling peeking_take_while v0.1.2
   Compiling clap v4.5.40
   Compiling tinystr v0.8.1
   Compiling potential_utf v0.1.2
   Compiling icu_locale_core v2.0.0
   Compiling icu_collections v2.0.0
   Compiling cexpr v0.6.0
   Compiling futures-executor v0.3.31
   Compiling cmake v0.1.54
   Compiling futures v0.3.31
   Compiling hashbrown v0.12.3
   Compiling sha1 v0.10.6
   Compiling icu_provider v2.0.0
   Compiling pkg-config v0.3.32
   Compiling icu_properties v2.0.1
   Compiling overload v0.1.1
   Compiling nu-ansi-term v0.46.0
   Compiling sharded-slab v0.1.7
   Compiling tracing-log v0.2.0
   Compiling thread_local v1.1.9
   Compiling tower-layer v0.3.3
   Compiling async-stream-impl v0.3.6
   Compiling ahash v0.8.12
   Compiling adler2 v2.0.1
   Compiling smallvec v1.15.1
   Compiling bitflags v2.9.1
   Compiling serde_urlencoded v0.7.1
   Compiling icu_normalizer v2.0.0
   Compiling security-framework v2.11.1
   Compiling serde_spanned v0.6.9
   Compiling parking_lot v0.12.4
   Compiling toml_datetime v0.6.11
   Compiling chrono v0.4.41
   Compiling tokio v1.46.0
   Compiling fluentai-core v0.1.0 (/Users/joe/repos/claudelang/rust/fluentai-core)
   Compiling idna_adapter v1.2.1
   Compiling idna v1.0.3
   Compiling toml_edit v0.22.27
   Compiling uuid v1.17.0
   Compiling tempfile v3.20.0
   Compiling url v2.5.4
   Compiling dashmap v5.5.3
   Compiling either v1.15.0
   Compiling tinytemplate v1.2.1
   Compiling rayon v1.10.0
   Compiling itertools v0.10.5
   Compiling ciborium v0.2.2
   Compiling rusty-fork v0.3.0
   Compiling fluentai-parser v0.1.0 (/Users/joe/repos/claudelang/rust/fluentai-parser)
   Compiling proptest v1.7.0
   Compiling toml v0.8.23
   Compiling tracing-subscriber v0.3.19
   Compiling criterion-plot v0.5.0
   Compiling fluentai-modules v0.1.0 (/Users/joe/repos/claudelang/rust/fluentai-modules)
   Compiling criterion v0.5.1
   Compiling async-stream v0.3.6
   Compiling miniz_oxide v0.8.9
   Compiling tokio-util v0.7.15
   Compiling tokio-native-tls v0.3.1
   Compiling fluentai-di v0.1.0 (/Users/joe/repos/claudelang/rust/fluentai-di)
   Compiling h2 v0.3.26
   Compiling tokio-stream v0.1.17
   Compiling lru v0.12.5
   Compiling thiserror v2.0.12
   Compiling parking v2.2.1
   Compiling zeroize v1.8.1
   Compiling http-body v1.0.1
   Compiling pin-project-internal v1.1.10
   Compiling thiserror-impl v2.0.12
   Compiling yansi v1.0.1
   Compiling cranelift-isle v0.104.3
   Compiling crc-catalog v2.4.0
   Compiling base64ct v1.8.0
   Compiling pem-rfc7468 v0.7.0
   Compiling crc v3.3.0
   Compiling hashlink v0.10.0
   Compiling hex v0.4.3
   Compiling cranelift-codegen-shared v0.104.3
   Compiling diff v0.1.13
   Compiling cranelift-codegen-meta v0.104.3
   Compiling pretty_assertions v1.4.1
   Compiling pin-project v1.1.10
   Compiling der v0.7.10
   Compiling hyper v0.14.32
   Compiling hdrhistogram v7.5.4
   Compiling tinyvec_macros v0.1.1
   Compiling target-lexicon v0.12.16
   Compiling rustversion v1.0.21
   Compiling z3-sys v0.8.1
   Compiling num-bigint-dig v0.8.4
   Compiling tinyvec v1.9.0
   Compiling tower v0.4.13
   Compiling spki v0.7.3
   Compiling hashbrown v0.13.2
   Compiling http-body-util v0.1.3
   Compiling sha2 v0.10.9
   Compiling utf-8 v0.7.6
   Compiling hyper-tls v0.5.0
   Compiling cranelift-codegen v0.104.3
   Compiling home v0.5.11
   Compiling reqwest v0.11.27
   Compiling cranelift-entity v0.104.3
   Compiling arbitrary v1.4.1
   Compiling data-encoding v2.9.0
   Compiling sync_wrapper v1.0.2
   Compiling slice-group-by v0.3.1
   Compiling cranelift-bforest v0.104.3
   Compiling tungstenite v0.24.0
   Compiling regalloc2 v0.9.3
   Compiling cranelift-control v0.104.3
   Compiling unicode-normalization v0.1.24
   Compiling fluentai-effects v0.1.0 (/Users/joe/repos/claudelang/rust/fluentai-effects)
   Compiling pkcs8 v0.10.2
   Compiling concurrent-queue v2.5.0
   Compiling hyper v1.6.0
   Compiling hmac v0.12.1
   Compiling gimli v0.28.1
   Compiling vcpkg v0.2.15
   Compiling fluentai-types v0.1.0 (/Users/joe/repos/claudelang/rust/fluentai-types)
   Compiling fluentai-stdlib v0.1.0 (/Users/joe/repos/claudelang/rust/fluentai-stdlib)
   Compiling fluentai-optimizer v0.1.0 (/Users/joe/repos/claudelang/rust/fluentai-optimizer)
   Compiling unicode-bidi v0.3.18
   Compiling unicode-properties v0.1.3
   Compiling stringprep v0.1.5
   Compiling fluentai-vm v0.1.0 (/Users/joe/repos/claudelang/rust/fluentai-vm)
   Compiling libsqlite3-sys v0.30.1
   Compiling hyper-util v0.1.14
   Compiling hkdf v0.12.4
   Compiling axum-core v0.4.5
error: failed to run custom build command for `z3-sys v0.8.1`

Caused by:
  process didn't exit successfully: `/Users/joe/repos/claudelang/rust/target/debug/build/z3-sys-f35b9f2bc0c271b5/build-script-build` (exit status: 101)
  --- stdout
  CMAKE_TOOLCHAIN_FILE_aarch64-apple-darwin = None
  CMAKE_TOOLCHAIN_FILE_aarch64_apple_darwin = None
  HOST_CMAKE_TOOLCHAIN_FILE = None
  CMAKE_TOOLCHAIN_FILE = None
  CMAKE_GENERATOR_aarch64-apple-darwin = None
  CMAKE_GENERATOR_aarch64_apple_darwin = None
  HOST_CMAKE_GENERATOR = None
  CMAKE_GENERATOR = None
  CMAKE_PREFIX_PATH_aarch64-apple-darwin = None
  CMAKE_PREFIX_PATH_aarch64_apple_darwin = None
  HOST_CMAKE_PREFIX_PATH = None
  CMAKE_PREFIX_PATH = None
  CMAKE_aarch64-apple-darwin = None
  CMAKE_aarch64_apple_darwin = None
  HOST_CMAKE = None
  CMAKE = None
  running: cd "/Users/joe/repos/claudelang/rust/target/debug/build/z3-sys-526ddcfcef5e5ce1/out/build" && CMAKE_PREFIX_PATH="" LC_ALL="C" "cmake" "/Users/joe/.cargo/registry/src/index.crates.io-1949cf8c6b5b557f/z3-sys-0.8.1/z3" "-DCMAKE_OSX_ARCHITECTURES=arm64" "-DZ3_BUILD_LIBZ3_SHARED=false" "-DZ3_BUILD_EXECUTABLE=false" "-DZ3_BUILD_TEST_EXECUTABLES=false" "-DCMAKE_INSTALL_PREFIX=/Users/joe/repos/claudelang/rust/target/debug/build/z3-sys-526ddcfcef5e5ce1/out" "-DCMAKE_C_FLAGS= -ffunction-sections -fdata-sections -fPIC --target=arm64-apple-macosx -mmacosx-version-min=15.5" "-DCMAKE_C_COMPILER=/usr/bin/cc" "-DCMAKE_CXX_FLAGS= -ffunction-sections -fdata-sections -fPIC --target=arm64-apple-macosx -mmacosx-version-min=15.5" "-DCMAKE_CXX_COMPILER=/usr/bin/c++" "-DCMAKE_ASM_FLAGS= -ffunction-sections -fdata-sections -fPIC --target=arm64-apple-macosx -mmacosx-version-min=15.5" "-DCMAKE_ASM_COMPILER=/usr/bin/cc" "-DCMAKE_BUILD_TYPE=Debug"
  -- The CXX compiler identification is AppleClang 17.0.0.17000013
  -- Detecting CXX compiler ABI info
  -- Detecting CXX compiler ABI info - done
  -- Check for working CXX compiler: /usr/bin/c++ - skipped
  -- Detecting CXX compile features
  -- Detecting CXX compile features - done
  -- Z3 version 4.12.1.0
  -- Failed to find git directory.
  -- CMake generator: Unix Makefiles
  -- Build type: Debug
  -- Found PythonInterp: /opt/homebrew/bin/python3 (found suitable version "3.13.2", minimum required is "3")
  -- PYTHON_EXECUTABLE: /opt/homebrew/bin/python3
  -- Detected target architecture: arm64
  -- Not using libgmp
  -- Not using Z3_API_LOG_SYNC
  -- Thread-safe build
  -- Performing Test CMAKE_HAVE_LIBC_PTHREAD
  -- Performing Test CMAKE_HAVE_LIBC_PTHREAD - Success
  -- Found Threads: TRUE
  -- Performing Test HAS__Wall
  -- Performing Test HAS__Wall - Success
  -- C++ compiler supports -Wall
  -- Treating only serious compiler warnings as errors
  -- Performing Test HAS__Werror_odr
  -- Performing Test HAS__Werror_odr - Success
  -- C++ compiler supports -Werror=odr
  -- Performing Test HAS__Werror_delete_non_virtual_dtor
  -- Performing Test HAS__Werror_delete_non_virtual_dtor - Success
  -- C++ compiler supports -Werror=delete-non-virtual-dtor
  -- Performing Test HAS__Werror_overloaded_virtual
  -- Performing Test HAS__Werror_overloaded_virtual - Success
  -- C++ compiler supports -Werror=overloaded-virtual
  -- Performing Test HAS__Werror_non_virtual_dtor
  -- Performing Test HAS__Werror_non_virtual_dtor - Success
  -- C++ compiler supports -Werror=non-virtual-dtor
  -- Performing Test HAS__Werror_null_dereference
  -- Performing Test HAS__Werror_null_dereference - Success
  -- C++ compiler supports -Werror=null-dereference
  -- Performing Test HAS__Werror_no_unreachable_code_return
  -- Performing Test HAS__Werror_no_unreachable_code_return - Failed
  -- C++ compiler does not support -Werror=no-unreachable-code-return
  -- LTO disabled
  -- Performing Test BUILTIN_ATOMIC
  -- Performing Test BUILTIN_ATOMIC - Failed
  -- Performing Test ATOMICS_REQUIRE_LIBATOMIC
  -- Performing Test ATOMICS_REQUIRE_LIBATOMIC - Failed
  -- Configuring incomplete, errors occurred!

  --- stderr
  CMake Deprecation Warning at CMakeLists.txt:2 (cmake_minimum_required):
    Compatibility with CMake < 3.10 will be removed from a future version of
    CMake.

    Update the VERSION argument <min> value.  Or, use the <min>...<max> syntax
    to tell CMake that the project requires at least <min> but has been updated
    to work with policies introduced by <max> or earlier.


  CMake Warning at CMakeLists.txt:44 (message):
    Disabling Z3_INCLUDE_GIT_DESCRIBE
  Call Stack (most recent call first):
    CMakeLists.txt:93 (disable_git_describe)


  CMake Warning at CMakeLists.txt:48 (message):
    Disabling Z3_INCLUDE_GIT_HASH
  Call Stack (most recent call first):
    CMakeLists.txt:94 (disable_git_hash)


  CMake Warning (dev) at CMakeLists.txt:156 (find_package):
    Policy CMP0148 is not set: The FindPythonInterp and FindPythonLibs modules
    are removed.  Run "cmake --help-policy CMP0148" for policy details.  Use
    the cmake_policy command to set the policy and suppress this warning.

  This warning is for project developers.  Use -Wno-dev to suppress it.

  CMake Error at cmake/check_link_atomic.cmake:21 (message):
    Host compiler must support std::atomic!
  Call Stack (most recent call first):
    CMakeLists.txt:376 (include)



  thread 'main' panicked at /Users/joe/.cargo/registry/src/index.crates.io-1949cf8c6b5b557f/cmake-0.1.54/src/lib.rs:1119:5:

  command did not execute successfully, got: exit status: 1

  build script failed, must exit now
  note: run with `RUST_BACKTRACE=1` environment variable to display a backtrace
warning: build failed, waiting for other jobs to finish...
[2m2025-07-08T17:20:12.597934Z[0m [31mERROR[0m [2mcargo_tarpaulin[0m[2m:[0m Cargo failed to run! Error: cargo run failed
[2m2025-07-08T17:20:12.971637Z[0m [32m INFO[0m [2mcargo_tarpaulin[0m[2m:[0m Running config fluentai-parser
[2m2025-07-08T17:20:12.971662Z[0m [32m INFO[0m [2mcargo_tarpaulin[0m[2m:[0m Running Tarpaulin
[2m2025-07-08T17:20:12.971666Z[0m [32m INFO[0m [2mcargo_tarpaulin[0m[2m:[0m Building project
[2m2025-07-08T17:20:12.971670Z[0m [32m INFO[0m [2mcargo_tarpaulin::cargo[0m[2m:[0m Cleaning project
   Compiling proc-macro2 v1.0.95
   Compiling unicode-ident v1.0.18
   Compiling serde v1.0.219
   Compiling cfg-if v1.0.1
   Compiling libc v0.2.174
   Compiling autocfg v1.5.0
   Compiling once_cell v1.21.3
   Compiling scopeguard v1.2.0
   Compiling memchr v2.7.5
   Compiling pin-project-lite v0.2.16
   Compiling itoa v1.0.15
   Compiling log v0.4.27
   Compiling parking_lot_core v0.9.11
   Compiling libm v0.2.15
   Compiling ryu v1.0.20
   Compiling serde_json v1.0.140
   Compiling bytes v1.10.1
   Compiling crossbeam-utils v0.8.21
   Compiling lock_api v0.4.13
   Compiling tracing-core v0.1.34
   Compiling futures-core v0.3.31
   Compiling fnv v1.0.7
   Compiling num-traits v0.2.19
   Compiling allocator-api2 v0.2.21
   Compiling rustc-hash v1.1.0
   Compiling equivalent v1.0.2
   Compiling foldhash v0.1.5
   Compiling getrandom v0.3.3
   Compiling zerocopy v0.8.26
   Compiling hashbrown v0.15.4
   Compiling thiserror v1.0.69
   Compiling indexmap v2.10.0
   Compiling quote v1.0.40
   Compiling syn v2.0.104
   Compiling futures-io v0.3.31
   Compiling bumpalo v3.19.0
   Compiling crossbeam-epoch v0.9.18
   Compiling crossbeam-queue v0.3.12
   Compiling slab v0.4.10
   Compiling futures-task v0.3.31
   Compiling crossbeam-deque v0.8.6
   Compiling pin-utils v0.1.0
   Compiling anyhow v1.0.98
   Compiling litemap v0.8.0
   Compiling core-foundation-sys v0.8.7
   Compiling signal-hook-registry v1.4.5
   Compiling mio v1.0.4
   Compiling writeable v0.6.1
   Compiling futures-sink v0.3.31
   Compiling socket2 v0.5.10
   Compiling crossbeam-channel v0.5.15
   Compiling num_cpus v1.17.0
   Compiling icu_normalizer_data v2.0.0
   Compiling stable_deref_trait v1.2.0
   Compiling icu_properties_data v2.0.1
   Compiling errno v0.3.13
   Compiling fastrand v2.3.0
   Compiling futures-channel v0.3.31
   Compiling rustix v1.0.7
   Compiling crossbeam v0.8.4
   Compiling percent-encoding v2.3.1
   Compiling utf8_iter v1.0.4
   Compiling native-tls v0.2.14
   Compiling form_urlencoded v1.2.1
   Compiling iana-time-zone v0.1.63
   Compiling httparse v1.10.1
   Compiling getrandom v0.2.16
   Compiling core-foundation v0.9.4
   Compiling tower-service v0.3.3
   Compiling rand_core v0.6.4
   Compiling bitflags v1.3.2
   Compiling security-framework-sys v2.14.0
   Compiling httpdate v1.0.3
   Compiling mime v0.3.17
   Compiling hashbrown v0.14.5
   Compiling winnow v0.7.11
   Compiling toml_write v0.1.2
   Compiling http v0.2.12
   Compiling unicase v2.8.1
   Compiling try-lock v0.2.5
   Compiling system-configuration-sys v0.5.0
   Compiling want v0.3.1
   Compiling encoding_rs v0.8.35
   Compiling mime_guess v2.0.5
   Compiling base64 v0.21.7
   Compiling ppv-lite86 v0.2.21
   Compiling downcast-rs v1.2.1
   Compiling rand_chacha v0.3.1
   Compiling rustls-pemfile v1.0.4
   Compiling ipnet v2.11.0
   Compiling http-body v0.4.6
   Compiling rand v0.8.5
   Compiling system-configuration v0.5.1
   Compiling sync_wrapper v0.1.2
   Compiling regex-syntax v0.6.29
   Compiling beef v0.5.2
   Compiling regex-syntax v0.8.5
   Compiling synstructure v0.13.2
   Compiling heck v0.5.0
   Compiling rayon-core v1.12.1
   Compiling utf8parse v0.2.2
   Compiling anstyle-parse v0.2.7
   Compiling anstyle v1.0.11
   Compiling anstyle-query v1.1.3
   Compiling colorchoice v1.0.4
   Compiling is_terminal_polyfill v1.70.1
   Compiling clap_lex v0.7.5
   Compiling strsim v0.11.1
   Compiling anstream v0.6.19
   Compiling rustc-hash v2.1.1
   Compiling aho-corasick v1.1.3
   Compiling clap_builder v4.5.40
   Compiling same-file v1.0.6
   Compiling walkdir v2.5.0
   Compiling half v2.6.0
   Compiling plotters-backend v0.3.7
   Compiling ciborium-io v0.2.2
   Compiling logos-codegen v0.13.0
   Compiling ciborium-ll v0.2.2
   Compiling plotters-svg v0.3.7
   Compiling cast v0.3.0
   Compiling plotters v0.3.7
   Compiling is-terminal v0.4.16
   Compiling anes v0.1.6
   Compiling oorandom v11.1.5
   Compiling regex-automata v0.4.9
   Compiling byteorder v1.5.0
   Compiling spin v0.9.8
   Compiling version_check v0.9.5
   Compiling lazy_static v1.5.0
   Compiling typenum v1.18.0
   Compiling generic-array v0.14.7
   Compiling shlex v1.3.0
   Compiling const-oid v0.9.6
   Compiling cc v1.2.27
   Compiling subtle v2.6.1
   Compiling rand_core v0.9.3
   Compiling wait-timeout v0.2.1
   Compiling serde_derive v1.0.219
   Compiling tracing-attributes v0.1.30
   Compiling zerofrom-derive v0.1.6
   Compiling yoke-derive v0.8.0
   Compiling zerovec-derive v0.11.1
   Compiling displaydoc v0.2.5
   Compiling thiserror-impl v1.0.69
   Compiling tokio-macros v2.5.0
   Compiling futures-macro v0.3.31
   Compiling async-trait v0.1.88
   Compiling logos-derive v0.13.0
   Compiling clap_derive v4.5.40
   Compiling tracing v0.1.41
   Compiling zerofrom v0.1.6
   Compiling logos v0.13.0
   Compiling regex v1.11.1
   Compiling bit-vec v0.8.0
   Compiling futures-util v0.3.31
   Compiling yoke v0.8.0
   Compiling quick-error v1.2.3
   Compiling bit-set v0.8.0
   Compiling rand_chacha v0.9.0
   Compiling rand_xorshift v0.4.0
   Compiling rand v0.9.1
   Compiling crypto-common v0.1.6
   Compiling block-buffer v0.10.4
   Compiling digest v0.10.7
   Compiling unarray v0.1.4
   Compiling cpufeatures v0.2.17
   Compiling glob v0.3.2
   Compiling base64 v0.22.1
   Compiling minimal-lexical v0.2.1
   Compiling libloading v0.8.8
   Compiling nom v7.1.3
   Compiling bindgen v0.66.1
   Compiling http v1.3.1
   Compiling clang-sys v1.8.1
   Compiling zerovec v0.11.2
   Compiling zerotrie v0.2.2
   Compiling indexmap v1.9.3
   Compiling peeking_take_while v0.1.2
   Compiling lazycell v1.3.0
   Compiling clap v4.5.40
   Compiling cmake v0.1.54
   Compiling tinystr v0.8.1
   Compiling potential_utf v0.1.2
   Compiling icu_locale_core v2.0.0
   Compiling icu_collections v2.0.0
   Compiling cexpr v0.6.0
   Compiling futures-executor v0.3.31
   Compiling futures v0.3.31
   Compiling hashbrown v0.12.3
   Compiling sha1 v0.10.6
   Compiling overload v0.1.1
   Compiling icu_provider v2.0.0
   Compiling pkg-config v0.3.32
   Compiling nu-ansi-term v0.46.0
   Compiling icu_properties v2.0.1
   Compiling sharded-slab v0.1.7
   Compiling tracing-log v0.2.0
   Compiling thread_local v1.1.9
   Compiling tower-layer v0.3.3
   Compiling async-stream-impl v0.3.6
   Compiling ahash v0.8.12
   Compiling adler2 v2.0.1
   Compiling smallvec v1.15.1
   Compiling bitflags v2.9.1
   Compiling serde_urlencoded v0.7.1
   Compiling serde_spanned v0.6.9
   Compiling icu_normalizer v2.0.0
   Compiling security-framework v2.11.1
   Compiling toml_datetime v0.6.11
   Compiling parking_lot v0.12.4
   Compiling idna_adapter v1.2.1
   Compiling toml_edit v0.22.27
   Compiling tokio v1.46.0
   Compiling fluentai-core v0.1.0 (/Users/joe/repos/claudelang/rust/fluentai-core)
   Compiling idna v1.0.3
   Compiling chrono v0.4.41
   Compiling uuid v1.17.0
   Compiling tempfile v3.20.0
   Compiling url v2.5.4
   Compiling dashmap v5.5.3
   Compiling either v1.15.0
   Compiling tinytemplate v1.2.1
   Compiling toml v0.8.23
   Compiling fluentai-parser v0.1.0 (/Users/joe/repos/claudelang/rust/fluentai-parser)
   Compiling rayon v1.10.0
   Compiling itertools v0.10.5
   Compiling ciborium v0.2.2
   Compiling fluentai-modules v0.1.0 (/Users/joe/repos/claudelang/rust/fluentai-modules)
   Compiling rusty-fork v0.3.0
   Compiling proptest v1.7.0
   Compiling criterion-plot v0.5.0
   Compiling tracing-subscriber v0.3.19
   Compiling async-stream v0.3.6
   Compiling criterion v0.5.1
   Compiling miniz_oxide v0.8.9
   Compiling tokio-util v0.7.15
   Compiling tokio-native-tls v0.3.1
   Compiling fluentai-di v0.1.0 (/Users/joe/repos/claudelang/rust/fluentai-di)
   Compiling h2 v0.3.26
   Compiling tokio-stream v0.1.17
   Compiling lru v0.12.5
   Compiling parking v2.2.1
   Compiling zeroize v1.8.1
   Compiling thiserror v2.0.12
   Compiling http-body v1.0.1
   Compiling thiserror-impl v2.0.12
   Compiling pin-project-internal v1.1.10
   Compiling cranelift-isle v0.104.3
   Compiling crc-catalog v2.4.0
   Compiling yansi v1.0.1
   Compiling base64ct v1.8.0
   Compiling pem-rfc7468 v0.7.0
   Compiling crc v3.3.0
   Compiling hashlink v0.10.0
   Compiling diff v0.1.13
   Compiling cranelift-codegen-shared v0.104.3
   Compiling hex v0.4.3
   Compiling cranelift-codegen-meta v0.104.3
   Compiling pretty_assertions v1.4.1
   Compiling hyper v0.14.32
   Compiling pin-project v1.1.10
   Compiling der v0.7.10
   Compiling hdrhistogram v7.5.4
   Compiling num-bigint-dig v0.8.4
   Compiling rustversion v1.0.21
   Compiling target-lexicon v0.12.16
   Compiling tinyvec_macros v0.1.1
   Compiling z3-sys v0.8.1
   Compiling tinyvec v1.9.0
   Compiling spki v0.7.3
   Compiling tower v0.4.13
   Compiling http-body-util v0.1.3
   Compiling hyper-tls v0.5.0
   Compiling reqwest v0.11.27
   Compiling hashbrown v0.13.2
   Compiling sha2 v0.10.9
   Compiling cranelift-codegen v0.104.3
   Compiling arbitrary v1.4.1
   Compiling utf-8 v0.7.6
   Compiling sync_wrapper v1.0.2
   Compiling data-encoding v2.9.0
   Compiling cranelift-entity v0.104.3
   Compiling home v0.5.11
   Compiling slice-group-by v0.3.1
   Compiling tungstenite v0.24.0
   Compiling cranelift-bforest v0.104.3
   Compiling regalloc2 v0.9.3
   Compiling cranelift-control v0.104.3
   Compiling fluentai-effects v0.1.0 (/Users/joe/repos/claudelang/rust/fluentai-effects)
   Compiling unicode-normalization v0.1.24
   Compiling pkcs8 v0.10.2
   Compiling concurrent-queue v2.5.0
   Compiling hyper v1.6.0
   Compiling fluentai-types v0.1.0 (/Users/joe/repos/claudelang/rust/fluentai-types)
   Compiling fluentai-stdlib v0.1.0 (/Users/joe/repos/claudelang/rust/fluentai-stdlib)
   Compiling hmac v0.12.1
   Compiling gimli v0.28.1
   Compiling fluentai-optimizer v0.1.0 (/Users/joe/repos/claudelang/rust/fluentai-optimizer)
   Compiling vcpkg v0.2.15
   Compiling fluentai-vm v0.1.0 (/Users/joe/repos/claudelang/rust/fluentai-vm)
   Compiling unicode-bidi v0.3.18
   Compiling unicode-properties v0.1.3
   Compiling stringprep v0.1.5
   Compiling libsqlite3-sys v0.30.1
   Compiling hkdf v0.12.4
   Compiling hyper-util v0.1.14
   Compiling axum-core v0.4.5
   Compiling event-listener v5.4.0
   Compiling pkcs1 v0.7.5
   Compiling pyo3-build-config v0.19.2
   Compiling tokio-tungstenite v0.24.0
   Compiling futures-intrusive v0.5.0
   Compiling tower v0.5.2
error: failed to run custom build command for `z3-sys v0.8.1`

Caused by:
  process didn't exit successfully: `/Users/joe/repos/claudelang/rust/target/debug/build/z3-sys-f35b9f2bc0c271b5/build-script-build` (exit status: 101)
  --- stdout
  CMAKE_TOOLCHAIN_FILE_aarch64-apple-darwin = None
  CMAKE_TOOLCHAIN_FILE_aarch64_apple_darwin = None
  HOST_CMAKE_TOOLCHAIN_FILE = None
  CMAKE_TOOLCHAIN_FILE = None
  CMAKE_GENERATOR_aarch64-apple-darwin = None
  CMAKE_GENERATOR_aarch64_apple_darwin = None
  HOST_CMAKE_GENERATOR = None
  CMAKE_GENERATOR = None
  CMAKE_PREFIX_PATH_aarch64-apple-darwin = None
  CMAKE_PREFIX_PATH_aarch64_apple_darwin = None
  HOST_CMAKE_PREFIX_PATH = None
  CMAKE_PREFIX_PATH = None
  CMAKE_aarch64-apple-darwin = None
  CMAKE_aarch64_apple_darwin = None
  HOST_CMAKE = None
  CMAKE = None
  running: cd "/Users/joe/repos/claudelang/rust/target/debug/build/z3-sys-526ddcfcef5e5ce1/out/build" && CMAKE_PREFIX_PATH="" LC_ALL="C" "cmake" "/Users/joe/.cargo/registry/src/index.crates.io-1949cf8c6b5b557f/z3-sys-0.8.1/z3" "-DCMAKE_OSX_ARCHITECTURES=arm64" "-DZ3_BUILD_LIBZ3_SHARED=false" "-DZ3_BUILD_EXECUTABLE=false" "-DZ3_BUILD_TEST_EXECUTABLES=false" "-DCMAKE_INSTALL_PREFIX=/Users/joe/repos/claudelang/rust/target/debug/build/z3-sys-526ddcfcef5e5ce1/out" "-DCMAKE_C_FLAGS= -ffunction-sections -fdata-sections -fPIC --target=arm64-apple-macosx -mmacosx-version-min=15.5" "-DCMAKE_C_COMPILER=/usr/bin/cc" "-DCMAKE_CXX_FLAGS= -ffunction-sections -fdata-sections -fPIC --target=arm64-apple-macosx -mmacosx-version-min=15.5" "-DCMAKE_CXX_COMPILER=/usr/bin/c++" "-DCMAKE_ASM_FLAGS= -ffunction-sections -fdata-sections -fPIC --target=arm64-apple-macosx -mmacosx-version-min=15.5" "-DCMAKE_ASM_COMPILER=/usr/bin/cc" "-DCMAKE_BUILD_TYPE=Debug"
  -- The CXX compiler identification is AppleClang 17.0.0.17000013
  -- Detecting CXX compiler ABI info
  -- Detecting CXX compiler ABI info - done
  -- Check for working CXX compiler: /usr/bin/c++ - skipped
  -- Detecting CXX compile features
  -- Detecting CXX compile features - done
  -- Z3 version 4.12.1.0
  -- Failed to find git directory.
  -- CMake generator: Unix Makefiles
  -- Build type: Debug
  -- Found PythonInterp: /opt/homebrew/bin/python3 (found suitable version "3.13.2", minimum required is "3")
  -- PYTHON_EXECUTABLE: /opt/homebrew/bin/python3
  -- Detected target architecture: arm64
  -- Not using libgmp
  -- Not using Z3_API_LOG_SYNC
  -- Thread-safe build
  -- Performing Test CMAKE_HAVE_LIBC_PTHREAD
  -- Performing Test CMAKE_HAVE_LIBC_PTHREAD - Success
  -- Found Threads: TRUE
  -- Performing Test HAS__Wall
  -- Performing Test HAS__Wall - Success
  -- C++ compiler supports -Wall
  -- Treating only serious compiler warnings as errors
  -- Performing Test HAS__Werror_odr
  -- Performing Test HAS__Werror_odr - Success
  -- C++ compiler supports -Werror=odr
  -- Performing Test HAS__Werror_delete_non_virtual_dtor
  -- Performing Test HAS__Werror_delete_non_virtual_dtor - Success
  -- C++ compiler supports -Werror=delete-non-virtual-dtor
  -- Performing Test HAS__Werror_overloaded_virtual
  -- Performing Test HAS__Werror_overloaded_virtual - Success
  -- C++ compiler supports -Werror=overloaded-virtual
  -- Performing Test HAS__Werror_non_virtual_dtor
  -- Performing Test HAS__Werror_non_virtual_dtor - Success
  -- C++ compiler supports -Werror=non-virtual-dtor
  -- Performing Test HAS__Werror_null_dereference
  -- Performing Test HAS__Werror_null_dereference - Success
  -- C++ compiler supports -Werror=null-dereference
  -- Performing Test HAS__Werror_no_unreachable_code_return
  -- Performing Test HAS__Werror_no_unreachable_code_return - Failed
  -- C++ compiler does not support -Werror=no-unreachable-code-return
  -- LTO disabled
  -- Performing Test BUILTIN_ATOMIC
  -- Performing Test BUILTIN_ATOMIC - Failed
  -- Performing Test ATOMICS_REQUIRE_LIBATOMIC
  -- Performing Test ATOMICS_REQUIRE_LIBATOMIC - Failed
  -- Configuring incomplete, errors occurred!

  --- stderr
  CMake Deprecation Warning at CMakeLists.txt:2 (cmake_minimum_required):
    Compatibility with CMake < 3.10 will be removed from a future version of
    CMake.

    Update the VERSION argument <min> value.  Or, use the <min>...<max> syntax
    to tell CMake that the project requires at least <min> but has been updated
    to work with policies introduced by <max> or earlier.


  CMake Warning at CMakeLists.txt:44 (message):
    Disabling Z3_INCLUDE_GIT_DESCRIBE
  Call Stack (most recent call first):
    CMakeLists.txt:93 (disable_git_describe)


  CMake Warning at CMakeLists.txt:48 (message):
    Disabling Z3_INCLUDE_GIT_HASH
  Call Stack (most recent call first):
    CMakeLists.txt:94 (disable_git_hash)


  CMake Warning (dev) at CMakeLists.txt:156 (find_package):
    Policy CMP0148 is not set: The FindPythonInterp and FindPythonLibs modules
    are removed.  Run "cmake --help-policy CMP0148" for policy details.  Use
    the cmake_policy command to set the policy and suppress this warning.

  This warning is for project developers.  Use -Wno-dev to suppress it.

  CMake Error at cmake/check_link_atomic.cmake:21 (message):
    Host compiler must support std::atomic!
  Call Stack (most recent call first):
    CMakeLists.txt:376 (include)



  thread 'main' panicked at /Users/joe/.cargo/registry/src/index.crates.io-1949cf8c6b5b557f/cmake-0.1.54/src/lib.rs:1119:5:

  command did not execute successfully, got: exit status: 1

  build script failed, must exit now
  note: run with `RUST_BACKTRACE=1` environment variable to display a backtrace
warning: build failed, waiting for other jobs to finish...
[2m2025-07-08T17:20:39.325337Z[0m [31mERROR[0m [2mcargo_tarpaulin[0m[2m:[0m Cargo failed to run! Error: cargo run failed
[2m2025-07-08T17:20:39.698185Z[0m [32m INFO[0m [2mcargo_tarpaulin[0m[2m:[0m Running config fluentai-vm
[2m2025-07-08T17:20:39.698212Z[0m [32m INFO[0m [2mcargo_tarpaulin[0m[2m:[0m Running Tarpaulin
[2m2025-07-08T17:20:39.698216Z[0m [32m INFO[0m [2mcargo_tarpaulin[0m[2m:[0m Building project
[2m2025-07-08T17:20:39.698220Z[0m [32m INFO[0m [2mcargo_tarpaulin::cargo[0m[2m:[0m Cleaning project
   Compiling proc-macro2 v1.0.95
   Compiling unicode-ident v1.0.18
   Compiling serde v1.0.219
   Compiling cfg-if v1.0.1
   Compiling libc v0.2.174
   Compiling autocfg v1.5.0
   Compiling once_cell v1.21.3
   Compiling scopeguard v1.2.0
   Compiling memchr v2.7.5
   Compiling pin-project-lite v0.2.16
   Compiling itoa v1.0.15
   Compiling log v0.4.27
   Compiling parking_lot_core v0.9.11
   Compiling libm v0.2.15
   Compiling serde_json v1.0.140
   Compiling ryu v1.0.20
   Compiling bytes v1.10.1
   Compiling crossbeam-utils v0.8.21
   Compiling lock_api v0.4.13
   Compiling tracing-core v0.1.34
   Compiling futures-core v0.3.31
   Compiling fnv v1.0.7
   Compiling num-traits v0.2.19
   Compiling rustc-hash v1.1.0
   Compiling allocator-api2 v0.2.21
   Compiling equivalent v1.0.2
   Compiling foldhash v0.1.5
   Compiling getrandom v0.3.3
   Compiling zerocopy v0.8.26
   Compiling hashbrown v0.15.4
   Compiling thiserror v1.0.69
   Compiling quote v1.0.40
   Compiling indexmap v2.10.0
   Compiling syn v2.0.104
   Compiling pin-utils v0.1.0
   Compiling bumpalo v3.19.0
   Compiling crossbeam-epoch v0.9.18
   Compiling crossbeam-queue v0.3.12
   Compiling slab v0.4.10
   Compiling futures-task v0.3.31
   Compiling futures-io v0.3.31
   Compiling signal-hook-registry v1.4.5
   Compiling crossbeam-deque v0.8.6
   Compiling mio v1.0.4
   Compiling core-foundation-sys v0.8.7
   Compiling anyhow v1.0.98
   Compiling litemap v0.8.0
   Compiling writeable v0.6.1
   Compiling futures-sink v0.3.31
   Compiling socket2 v0.5.10
   Compiling crossbeam-channel v0.5.15
   Compiling num_cpus v1.17.0
   Compiling stable_deref_trait v1.2.0
   Compiling icu_normalizer_data v2.0.0
   Compiling icu_properties_data v2.0.1
   Compiling errno v0.3.13
   Compiling fastrand v2.3.0
   Compiling futures-channel v0.3.31
   Compiling rustix v1.0.7
   Compiling crossbeam v0.8.4
   Compiling percent-encoding v2.3.1
   Compiling utf8_iter v1.0.4
   Compiling native-tls v0.2.14
   Compiling form_urlencoded v1.2.1
   Compiling iana-time-zone v0.1.63
   Compiling httparse v1.10.1
   Compiling getrandom v0.2.16
   Compiling core-foundation v0.9.4
   Compiling rand_core v0.6.4
   Compiling bitflags v1.3.2
   Compiling tower-service v0.3.3
   Compiling security-framework-sys v2.14.0
   Compiling httpdate v1.0.3
   Compiling mime v0.3.17
   Compiling winnow v0.7.11
   Compiling hashbrown v0.14.5
   Compiling toml_write v0.1.2
   Compiling http v0.2.12
   Compiling ppv-lite86 v0.2.21
   Compiling unicase v2.8.1
   Compiling try-lock v0.2.5
   Compiling system-configuration-sys v0.5.0
   Compiling want v0.3.1
   Compiling rand_chacha v0.3.1
   Compiling mime_guess v2.0.5
   Compiling encoding_rs v0.8.35
   Compiling base64 v0.21.7
   Compiling synstructure v0.13.2
   Compiling rand v0.8.5
   Compiling http-body v0.4.6
   Compiling rustls-pemfile v1.0.4
   Compiling ipnet v2.11.0
   Compiling downcast-rs v1.2.1
   Compiling system-configuration v0.5.1
   Compiling sync_wrapper v0.1.2
   Compiling beef v0.5.2
   Compiling regex-syntax v0.6.29
   Compiling regex-syntax v0.8.5
   Compiling heck v0.5.0
   Compiling rayon-core v1.12.1
   Compiling utf8parse v0.2.2
   Compiling colorchoice v1.0.4
   Compiling anstyle-parse v0.2.7
   Compiling is_terminal_polyfill v1.70.1
   Compiling anstyle v1.0.11
   Compiling anstyle-query v1.1.3
   Compiling clap_lex v0.7.5
   Compiling strsim v0.11.1
   Compiling rustc-hash v2.1.1
   Compiling aho-corasick v1.1.3
   Compiling anstream v0.6.19
   Compiling same-file v1.0.6
   Compiling half v2.6.0
   Compiling walkdir v2.5.0
   Compiling clap_builder v4.5.40
   Compiling plotters-backend v0.3.7
   Compiling ciborium-io v0.2.2
   Compiling ciborium-ll v0.2.2
   Compiling cast v0.3.0
   Compiling plotters-svg v0.3.7
   Compiling is-terminal v0.4.16
   Compiling oorandom v11.1.5
   Compiling plotters v0.3.7
   Compiling anes v0.1.6
   Compiling byteorder v1.5.0
   Compiling spin v0.9.8
   Compiling version_check v0.9.5
   Compiling typenum v1.18.0
   Compiling logos-codegen v0.13.0
   Compiling regex-automata v0.4.9
   Compiling lazy_static v1.5.0
   Compiling generic-array v0.14.7
   Compiling const-oid v0.9.6
   Compiling serde_derive v1.0.219
   Compiling tracing-attributes v0.1.30
   Compiling zerofrom-derive v0.1.6
   Compiling yoke-derive v0.8.0
   Compiling zerovec-derive v0.11.1
   Compiling displaydoc v0.2.5
   Compiling thiserror-impl v1.0.69
   Compiling tokio-macros v2.5.0
   Compiling futures-macro v0.3.31
   Compiling async-trait v0.1.88
   Compiling logos-derive v0.13.0
   Compiling clap_derive v4.5.40
   Compiling regex v1.11.1
   Compiling tracing v0.1.41
   Compiling zerofrom v0.1.6
   Compiling shlex v1.3.0
   Compiling yoke v0.8.0
   Compiling futures-util v0.3.31
   Compiling cc v1.2.27
   Compiling subtle v2.6.1
   Compiling logos v0.13.0
   Compiling rand_core v0.9.3
   Compiling wait-timeout v0.2.1
   Compiling bit-vec v0.8.0
   Compiling quick-error v1.2.3
   Compiling bit-set v0.8.0
   Compiling rand_xorshift v0.4.0
   Compiling zerovec v0.11.2
   Compiling zerotrie v0.2.2
   Compiling rand_chacha v0.9.0
   Compiling crypto-common v0.1.6
   Compiling block-buffer v0.10.4
   Compiling rand v0.9.1
   Compiling digest v0.10.7
   Compiling unarray v0.1.4
   Compiling cpufeatures v0.2.17
   Compiling glob v0.3.2
   Compiling base64 v0.22.1
   Compiling minimal-lexical v0.2.1
   Compiling nom v7.1.3
   Compiling libloading v0.8.8
   Compiling clang-sys v1.8.1
   Compiling clap v4.5.40
   Compiling bindgen v0.66.1
   Compiling http v1.3.1
   Compiling indexmap v1.9.3
   Compiling lazycell v1.3.0
   Compiling peeking_take_while v0.1.2
   Compiling cmake v0.1.54
   Compiling tinystr v0.8.1
   Compiling potential_utf v0.1.2
   Compiling icu_locale_core v2.0.0
   Compiling icu_collections v2.0.0
   Compiling futures-executor v0.3.31
   Compiling cexpr v0.6.0
   Compiling icu_provider v2.0.0
   Compiling futures v0.3.31
   Compiling hashbrown v0.12.3
   Compiling sha1 v0.10.6
   Compiling icu_properties v2.0.1
   Compiling overload v0.1.1
   Compiling pkg-config v0.3.32
   Compiling nu-ansi-term v0.46.0
   Compiling sharded-slab v0.1.7
   Compiling tracing-log v0.2.0
   Compiling smallvec v1.15.1
   Compiling bitflags v2.9.1
   Compiling icu_normalizer v2.0.0
   Compiling security-framework v2.11.1
   Compiling serde_urlencoded v0.7.1
   Compiling toml_datetime v0.6.11
   Compiling parking_lot v0.12.4
   Compiling idna_adapter v1.2.1
   Compiling serde_spanned v0.6.9
   Compiling idna v1.0.3
   Compiling tokio v1.46.0
   Compiling fluentai-core v0.1.0 (/Users/joe/repos/claudelang/rust/fluentai-core)
   Compiling toml_edit v0.22.27
   Compiling chrono v0.4.41
   Compiling tempfile v3.20.0
   Compiling url v2.5.4
   Compiling uuid v1.17.0
   Compiling dashmap v5.5.3
   Compiling either v1.15.0
   Compiling tinytemplate v1.2.1
   Compiling fluentai-parser v0.1.0 (/Users/joe/repos/claudelang/rust/fluentai-parser)
   Compiling rayon v1.10.0
   Compiling itertools v0.10.5
   Compiling toml v0.8.23
   Compiling ciborium v0.2.2
   Compiling fluentai-modules v0.1.0 (/Users/joe/repos/claudelang/rust/fluentai-modules)
   Compiling rusty-fork v0.3.0
   Compiling criterion-plot v0.5.0
   Compiling proptest v1.7.0
   Compiling thread_local v1.1.9
   Compiling tower-layer v0.3.3
   Compiling criterion v0.5.1
   Compiling tracing-subscriber v0.3.19
   Compiling tokio-util v0.7.15
   Compiling tokio-native-tls v0.3.1
   Compiling fluentai-di v0.1.0 (/Users/joe/repos/claudelang/rust/fluentai-di)
   Compiling async-stream-impl v0.3.6
   Compiling ahash v0.8.12
   Compiling adler2 v2.0.1
   Compiling h2 v0.3.26
   Compiling tokio-stream v0.1.17
   Compiling miniz_oxide v0.8.9
   Compiling async-stream v0.3.6
   Compiling lru v0.12.5
   Compiling thiserror v2.0.12
   Compiling parking v2.2.1
   Compiling zeroize v1.8.1
   Compiling http-body v1.0.1
   Compiling pin-project-internal v1.1.10
   Compiling thiserror-impl v2.0.12
   Compiling crc-catalog v2.4.0
   Compiling yansi v1.0.1
   Compiling base64ct v1.8.0
   Compiling cranelift-isle v0.104.3
   Compiling pem-rfc7468 v0.7.0
   Compiling crc v3.3.0
   Compiling hashlink v0.10.0
   Compiling diff v0.1.13
   Compiling hyper v0.14.32
   Compiling hex v0.4.3
   Compiling cranelift-codegen-shared v0.104.3
   Compiling cranelift-codegen-meta v0.104.3
   Compiling pretty_assertions v1.4.1
   Compiling pin-project v1.1.10
   Compiling der v0.7.10
   Compiling hdrhistogram v7.5.4
   Compiling rustversion v1.0.21
   Compiling target-lexicon v0.12.16
   Compiling tinyvec_macros v0.1.1
   Compiling num-bigint-dig v0.8.4
   Compiling tinyvec v1.9.0
   Compiling hyper-tls v0.5.0
   Compiling reqwest v0.11.27
   Compiling tower v0.4.13
   Compiling z3-sys v0.8.1
   Compiling spki v0.7.3
   Compiling http-body-util v0.1.3
   Compiling hashbrown v0.13.2
   Compiling sha2 v0.10.9
   Compiling cranelift-codegen v0.104.3
   Compiling arbitrary v1.4.1
   Compiling slice-group-by v0.3.1
   Compiling home v0.5.11
   Compiling fluentai-effects v0.1.0 (/Users/joe/repos/claudelang/rust/fluentai-effects)
   Compiling utf-8 v0.7.6
   Compiling sync_wrapper v1.0.2
   Compiling cranelift-entity v0.104.3
   Compiling data-encoding v2.9.0
   Compiling cranelift-control v0.104.3
   Compiling regalloc2 v0.9.3
   Compiling cranelift-bforest v0.104.3
   Compiling tungstenite v0.24.0
   Compiling fluentai-types v0.1.0 (/Users/joe/repos/claudelang/rust/fluentai-types)
   Compiling fluentai-stdlib v0.1.0 (/Users/joe/repos/claudelang/rust/fluentai-stdlib)
   Compiling unicode-normalization v0.1.24
   Compiling pkcs8 v0.10.2
   Compiling fluentai-optimizer v0.1.0 (/Users/joe/repos/claudelang/rust/fluentai-optimizer)
   Compiling concurrent-queue v2.5.0
   Compiling hyper v1.6.0
   Compiling fluentai-vm v0.1.0 (/Users/joe/repos/claudelang/rust/fluentai-vm)
   Compiling hmac v0.12.1
   Compiling gimli v0.28.1
   Compiling vcpkg v0.2.15
   Compiling unicode-bidi v0.3.18
   Compiling unicode-properties v0.1.3
   Compiling stringprep v0.1.5
   Compiling hkdf v0.12.4
   Compiling hyper-util v0.1.14
   Compiling libsqlite3-sys v0.30.1
   Compiling event-listener v5.4.0
   Compiling axum-core v0.4.5
   Compiling pkcs1 v0.7.5
   Compiling pyo3-build-config v0.19.2
   Compiling futures-intrusive v0.5.0
   Compiling tokio-tungstenite v0.24.0
   Compiling tower v0.5.2
error: failed to run custom build command for `z3-sys v0.8.1`

Caused by:
  process didn't exit successfully: `/Users/joe/repos/claudelang/rust/target/debug/build/z3-sys-f35b9f2bc0c271b5/build-script-build` (exit status: 101)
  --- stdout
  CMAKE_TOOLCHAIN_FILE_aarch64-apple-darwin = None
  CMAKE_TOOLCHAIN_FILE_aarch64_apple_darwin = None
  HOST_CMAKE_TOOLCHAIN_FILE = None
  CMAKE_TOOLCHAIN_FILE = None
  CMAKE_GENERATOR_aarch64-apple-darwin = None
  CMAKE_GENERATOR_aarch64_apple_darwin = None
  HOST_CMAKE_GENERATOR = None
  CMAKE_GENERATOR = None
  CMAKE_PREFIX_PATH_aarch64-apple-darwin = None
  CMAKE_PREFIX_PATH_aarch64_apple_darwin = None
  HOST_CMAKE_PREFIX_PATH = None
  CMAKE_PREFIX_PATH = None
  CMAKE_aarch64-apple-darwin = None
  CMAKE_aarch64_apple_darwin = None
  HOST_CMAKE = None
  CMAKE = None
  running: cd "/Users/joe/repos/claudelang/rust/target/debug/build/z3-sys-526ddcfcef5e5ce1/out/build" && CMAKE_PREFIX_PATH="" LC_ALL="C" "cmake" "/Users/joe/.cargo/registry/src/index.crates.io-1949cf8c6b5b557f/z3-sys-0.8.1/z3" "-DCMAKE_OSX_ARCHITECTURES=arm64" "-DZ3_BUILD_LIBZ3_SHARED=false" "-DZ3_BUILD_EXECUTABLE=false" "-DZ3_BUILD_TEST_EXECUTABLES=false" "-DCMAKE_INSTALL_PREFIX=/Users/joe/repos/claudelang/rust/target/debug/build/z3-sys-526ddcfcef5e5ce1/out" "-DCMAKE_C_FLAGS= -ffunction-sections -fdata-sections -fPIC --target=arm64-apple-macosx -mmacosx-version-min=15.5" "-DCMAKE_C_COMPILER=/usr/bin/cc" "-DCMAKE_CXX_FLAGS= -ffunction-sections -fdata-sections -fPIC --target=arm64-apple-macosx -mmacosx-version-min=15.5" "-DCMAKE_CXX_COMPILER=/usr/bin/c++" "-DCMAKE_ASM_FLAGS= -ffunction-sections -fdata-sections -fPIC --target=arm64-apple-macosx -mmacosx-version-min=15.5" "-DCMAKE_ASM_COMPILER=/usr/bin/cc" "-DCMAKE_BUILD_TYPE=Debug"
  -- The CXX compiler identification is AppleClang 17.0.0.17000013
  -- Detecting CXX compiler ABI info
  -- Detecting CXX compiler ABI info - done
  -- Check for working CXX compiler: /usr/bin/c++ - skipped
  -- Detecting CXX compile features
  -- Detecting CXX compile features - done
  -- Z3 version 4.12.1.0
  -- Failed to find git directory.
  -- CMake generator: Unix Makefiles
  -- Build type: Debug
  -- Found PythonInterp: /opt/homebrew/bin/python3 (found suitable version "3.13.2", minimum required is "3")
  -- PYTHON_EXECUTABLE: /opt/homebrew/bin/python3
  -- Detected target architecture: arm64
  -- Not using libgmp
  -- Not using Z3_API_LOG_SYNC
  -- Thread-safe build
  -- Performing Test CMAKE_HAVE_LIBC_PTHREAD
  -- Performing Test CMAKE_HAVE_LIBC_PTHREAD - Success
  -- Found Threads: TRUE
  -- Performing Test HAS__Wall
  -- Performing Test HAS__Wall - Success
  -- C++ compiler supports -Wall
  -- Treating only serious compiler warnings as errors
  -- Performing Test HAS__Werror_odr
  -- Performing Test HAS__Werror_odr - Success
  -- C++ compiler supports -Werror=odr
  -- Performing Test HAS__Werror_delete_non_virtual_dtor
  -- Performing Test HAS__Werror_delete_non_virtual_dtor - Success
  -- C++ compiler supports -Werror=delete-non-virtual-dtor
  -- Performing Test HAS__Werror_overloaded_virtual
  -- Performing Test HAS__Werror_overloaded_virtual - Success
  -- C++ compiler supports -Werror=overloaded-virtual
  -- Performing Test HAS__Werror_non_virtual_dtor
  -- Performing Test HAS__Werror_non_virtual_dtor - Success
  -- C++ compiler supports -Werror=non-virtual-dtor
  -- Performing Test HAS__Werror_null_dereference
  -- Performing Test HAS__Werror_null_dereference - Success
  -- C++ compiler supports -Werror=null-dereference
  -- Performing Test HAS__Werror_no_unreachable_code_return
  -- Performing Test HAS__Werror_no_unreachable_code_return - Failed
  -- C++ compiler does not support -Werror=no-unreachable-code-return
  -- LTO disabled
  -- Performing Test BUILTIN_ATOMIC
  -- Performing Test BUILTIN_ATOMIC - Failed
  -- Performing Test ATOMICS_REQUIRE_LIBATOMIC
  -- Performing Test ATOMICS_REQUIRE_LIBATOMIC - Failed
  -- Configuring incomplete, errors occurred!

  --- stderr
  CMake Deprecation Warning at CMakeLists.txt:2 (cmake_minimum_required):
    Compatibility with CMake < 3.10 will be removed from a future version of
    CMake.

    Update the VERSION argument <min> value.  Or, use the <min>...<max> syntax
    to tell CMake that the project requires at least <min> but has been updated
    to work with policies introduced by <max> or earlier.


  CMake Warning at CMakeLists.txt:44 (message):
    Disabling Z3_INCLUDE_GIT_DESCRIBE
  Call Stack (most recent call first):
    CMakeLists.txt:93 (disable_git_describe)


  CMake Warning at CMakeLists.txt:48 (message):
    Disabling Z3_INCLUDE_GIT_HASH
  Call Stack (most recent call first):
    CMakeLists.txt:94 (disable_git_hash)


  CMake Warning (dev) at CMakeLists.txt:156 (find_package):
    Policy CMP0148 is not set: The FindPythonInterp and FindPythonLibs modules
    are removed.  Run "cmake --help-policy CMP0148" for policy details.  Use
    the cmake_policy command to set the policy and suppress this warning.

  This warning is for project developers.  Use -Wno-dev to suppress it.

  CMake Error at cmake/check_link_atomic.cmake:21 (message):
    Host compiler must support std::atomic!
  Call Stack (most recent call first):
    CMakeLists.txt:376 (include)



  thread 'main' panicked at /Users/joe/.cargo/registry/src/index.crates.io-1949cf8c6b5b557f/cmake-0.1.54/src/lib.rs:1119:5:

  command did not execute successfully, got: exit status: 1

  build script failed, must exit now
  note: run with `RUST_BACKTRACE=1` environment variable to display a backtrace
warning: build failed, waiting for other jobs to finish...
[2m2025-07-08T17:21:11.314295Z[0m [31mERROR[0m [2mcargo_tarpaulin[0m[2m:[0m Cargo failed to run! Error: cargo run failed
[2m2025-07-08T17:21:11.722514Z[0m [32m INFO[0m [2mcargo_tarpaulin[0m[2m:[0m Running config fluentai-stdlib
[2m2025-07-08T17:21:11.722543Z[0m [32m INFO[0m [2mcargo_tarpaulin[0m[2m:[0m Running Tarpaulin
[2m2025-07-08T17:21:11.722548Z[0m [32m INFO[0m [2mcargo_tarpaulin[0m[2m:[0m Building project
[2m2025-07-08T17:21:11.722552Z[0m [32m INFO[0m [2mcargo_tarpaulin::cargo[0m[2m:[0m Cleaning project
   Compiling proc-macro2 v1.0.95
   Compiling unicode-ident v1.0.18
   Compiling serde v1.0.219
   Compiling cfg-if v1.0.1
   Compiling libc v0.2.174
   Compiling autocfg v1.5.0
   Compiling once_cell v1.21.3
   Compiling scopeguard v1.2.0
   Compiling memchr v2.7.5
   Compiling pin-project-lite v0.2.16
   Compiling itoa v1.0.15
   Compiling log v0.4.27
   Compiling parking_lot_core v0.9.11
   Compiling libm v0.2.15
   Compiling ryu v1.0.20
   Compiling serde_json v1.0.140
   Compiling bytes v1.10.1
   Compiling crossbeam-utils v0.8.21
   Compiling lock_api v0.4.13
   Compiling tracing-core v0.1.34
   Compiling futures-core v0.3.31
   Compiling fnv v1.0.7
   Compiling num-traits v0.2.19
   Compiling rustc-hash v1.1.0
   Compiling foldhash v0.1.5
   Compiling equivalent v1.0.2
   Compiling allocator-api2 v0.2.21
   Compiling getrandom v0.3.3
   Compiling zerocopy v0.8.26
   Compiling thiserror v1.0.69
   Compiling hashbrown v0.15.4
   Compiling indexmap v2.10.0
   Compiling quote v1.0.40
   Compiling syn v2.0.104
   Compiling pin-utils v0.1.0
   Compiling futures-io v0.3.31
   Compiling slab v0.4.10
   Compiling bumpalo v3.19.0
   Compiling futures-task v0.3.31
   Compiling signal-hook-registry v1.4.5
   Compiling crossbeam-epoch v0.9.18
   Compiling crossbeam-queue v0.3.12
   Compiling mio v1.0.4
   Compiling core-foundation-sys v0.8.7
   Compiling crossbeam-deque v0.8.6
   Compiling litemap v0.8.0
   Compiling anyhow v1.0.98
   Compiling writeable v0.6.1
   Compiling futures-sink v0.3.31
   Compiling socket2 v0.5.10
   Compiling crossbeam-channel v0.5.15
   Compiling num_cpus v1.17.0
   Compiling icu_properties_data v2.0.1
   Compiling icu_normalizer_data v2.0.0
   Compiling stable_deref_trait v1.2.0
   Compiling errno v0.3.13
   Compiling fastrand v2.3.0
   Compiling crossbeam v0.8.4
   Compiling futures-channel v0.3.31
   Compiling rustix v1.0.7
   Compiling percent-encoding v2.3.1
   Compiling utf8_iter v1.0.4
   Compiling native-tls v0.2.14
   Compiling form_urlencoded v1.2.1
   Compiling iana-time-zone v0.1.63
   Compiling httparse v1.10.1
   Compiling getrandom v0.2.16
   Compiling core-foundation v0.9.4
   Compiling tower-service v0.3.3
   Compiling rand_core v0.6.4
   Compiling bitflags v1.3.2
   Compiling security-framework-sys v2.14.0
   Compiling httpdate v1.0.3
   Compiling mime v0.3.17
   Compiling hashbrown v0.14.5
   Compiling toml_write v0.1.2
   Compiling winnow v0.7.11
   Compiling http v0.2.12
   Compiling unicase v2.8.1
   Compiling try-lock v0.2.5
   Compiling system-configuration-sys v0.5.0
   Compiling want v0.3.1
   Compiling mime_guess v2.0.5
   Compiling encoding_rs v0.8.35
   Compiling base64 v0.21.7
   Compiling ppv-lite86 v0.2.21
   Compiling sync_wrapper v0.1.2
   Compiling rustls-pemfile v1.0.4
   Compiling rand_chacha v0.3.1
   Compiling http-body v0.4.6
   Compiling rand v0.8.5
   Compiling system-configuration v0.5.1
   Compiling ipnet v2.11.0
   Compiling downcast-rs v1.2.1
   Compiling beef v0.5.2
   Compiling regex-syntax v0.6.29
   Compiling synstructure v0.13.2
   Compiling regex-syntax v0.8.5
   Compiling heck v0.5.0
   Compiling rayon-core v1.12.1
   Compiling utf8parse v0.2.2
   Compiling anstyle-parse v0.2.7
   Compiling is_terminal_polyfill v1.70.1
   Compiling colorchoice v1.0.4
   Compiling anstyle v1.0.11
   Compiling anstyle-query v1.1.3
   Compiling clap_lex v0.7.5
   Compiling strsim v0.11.1
   Compiling rustc-hash v2.1.1
   Compiling anstream v0.6.19
   Compiling aho-corasick v1.1.3
   Compiling same-file v1.0.6
   Compiling walkdir v2.5.0
   Compiling clap_builder v4.5.40
   Compiling half v2.6.0
   Compiling ciborium-io v0.2.2
   Compiling plotters-backend v0.3.7
   Compiling ciborium-ll v0.2.2
   Compiling cast v0.3.0
   Compiling plotters-svg v0.3.7
   Compiling is-terminal v0.4.16
   Compiling oorandom v11.1.5
   Compiling anes v0.1.6
   Compiling plotters v0.3.7
   Compiling byteorder v1.5.0
   Compiling logos-codegen v0.13.0
   Compiling spin v0.9.8
   Compiling version_check v0.9.5
   Compiling regex-automata v0.4.9
   Compiling lazy_static v1.5.0
   Compiling typenum v1.18.0
   Compiling generic-array v0.14.7
   Compiling const-oid v0.9.6
   Compiling shlex v1.3.0
   Compiling cc v1.2.27
   Compiling subtle v2.6.1
   Compiling rand_core v0.9.3
   Compiling serde_derive v1.0.219
   Compiling tracing-attributes v0.1.30
   Compiling zerofrom-derive v0.1.6
   Compiling yoke-derive v0.8.0
   Compiling zerovec-derive v0.11.1
   Compiling displaydoc v0.2.5
   Compiling thiserror-impl v1.0.69
   Compiling tokio-macros v2.5.0
   Compiling futures-macro v0.3.31
   Compiling async-trait v0.1.88
   Compiling logos-derive v0.13.0
   Compiling clap_derive v4.5.40
   Compiling zerofrom v0.1.6
   Compiling tracing v0.1.41
   Compiling regex v1.11.1
   Compiling yoke v0.8.0
   Compiling wait-timeout v0.2.1
   Compiling futures-util v0.3.31
   Compiling logos v0.13.0
   Compiling quick-error v1.2.3
   Compiling block-buffer v0.10.4
   Compiling crypto-common v0.1.6
   Compiling zerovec v0.11.2
   Compiling zerotrie v0.2.2
   Compiling digest v0.10.7
   Compiling bit-vec v0.8.0
   Compiling rand_chacha v0.9.0
   Compiling bit-set v0.8.0
   Compiling rand v0.9.1
   Compiling rand_xorshift v0.4.0
   Compiling unarray v0.1.4
   Compiling cpufeatures v0.2.17
   Compiling glob v0.3.2
   Compiling base64 v0.22.1
   Compiling minimal-lexical v0.2.1
   Compiling nom v7.1.3
   Compiling libloading v0.8.8
   Compiling bindgen v0.66.1
   Compiling clang-sys v1.8.1
   Compiling http v1.3.1
   Compiling indexmap v1.9.3
   Compiling peeking_take_while v0.1.2
   Compiling lazycell v1.3.0
   Compiling clap v4.5.40
   Compiling tinystr v0.8.1
   Compiling potential_utf v0.1.2
   Compiling icu_collections v2.0.0
   Compiling icu_locale_core v2.0.0
   Compiling cexpr v0.6.0
   Compiling cmake v0.1.54
   Compiling hashbrown v0.12.3
   Compiling icu_provider v2.0.0
   Compiling icu_properties v2.0.1
   Compiling futures-executor v0.3.31
   Compiling futures v0.3.31
   Compiling sha1 v0.10.6
   Compiling pkg-config v0.3.32
   Compiling overload v0.1.1
   Compiling sharded-slab v0.1.7
   Compiling tracing-log v0.2.0
   Compiling nu-ansi-term v0.46.0
   Compiling smallvec v1.15.1
   Compiling bitflags v2.9.1
   Compiling icu_normalizer v2.0.0
   Compiling security-framework v2.11.1
   Compiling serde_urlencoded v0.7.1
   Compiling parking_lot v0.12.4
   Compiling toml_datetime v0.6.11
   Compiling serde_spanned v0.6.9
   Compiling idna_adapter v1.2.1
   Compiling chrono v0.4.41
   Compiling tokio v1.46.0
   Compiling fluentai-core v0.1.0 (/Users/joe/repos/claudelang/rust/fluentai-core)
   Compiling idna v1.0.3
   Compiling toml_edit v0.22.27
   Compiling tempfile v3.20.0
   Compiling url v2.5.4
   Compiling uuid v1.17.0
   Compiling dashmap v5.5.3
   Compiling either v1.15.0
   Compiling tinytemplate v1.2.1
   Compiling fluentai-parser v0.1.0 (/Users/joe/repos/claudelang/rust/fluentai-parser)
   Compiling rayon v1.10.0
   Compiling itertools v0.10.5
   Compiling ciborium v0.2.2
   Compiling rusty-fork v0.3.0
   Compiling fluentai-modules v0.1.0 (/Users/joe/repos/claudelang/rust/fluentai-modules)
   Compiling toml v0.8.23
   Compiling proptest v1.7.0
   Compiling criterion-plot v0.5.0
   Compiling thread_local v1.1.9
   Compiling tower-layer v0.3.3
   Compiling tracing-subscriber v0.3.19
   Compiling criterion v0.5.1
   Compiling async-stream-impl v0.3.6
   Compiling ahash v0.8.12
   Compiling adler2 v2.0.1
   Compiling miniz_oxide v0.8.9
   Compiling tokio-util v0.7.15
   Compiling tokio-native-tls v0.3.1
   Compiling fluentai-di v0.1.0 (/Users/joe/repos/claudelang/rust/fluentai-di)
   Compiling h2 v0.3.26
   Compiling tokio-stream v0.1.17
   Compiling async-stream v0.3.6
   Compiling lru v0.12.5
   Compiling thiserror v2.0.12
   Compiling parking v2.2.1
   Compiling zeroize v1.8.1
   Compiling http-body v1.0.1
   Compiling pin-project-internal v1.1.10
   Compiling thiserror-impl v2.0.12
   Compiling crc-catalog v2.4.0
   Compiling base64ct v1.8.0
   Compiling cranelift-isle v0.104.3
   Compiling yansi v1.0.1
   Compiling pem-rfc7468 v0.7.0
   Compiling crc v3.3.0
   Compiling hashlink v0.10.0
   Compiling hex v0.4.3
   Compiling cranelift-codegen-shared v0.104.3
   Compiling diff v0.1.13
   Compiling cranelift-codegen-meta v0.104.3
   Compiling pretty_assertions v1.4.1
   Compiling der v0.7.10
   Compiling pin-project v1.1.10
   Compiling hyper v0.14.32
   Compiling hdrhistogram v7.5.4
   Compiling num-bigint-dig v0.8.4
   Compiling target-lexicon v0.12.16
   Compiling tinyvec_macros v0.1.1
   Compiling rustversion v1.0.21
   Compiling tinyvec v1.9.0
   Compiling tower v0.4.13
   Compiling z3-sys v0.8.1
   Compiling spki v0.7.3
   Compiling http-body-util v0.1.3
   Compiling hashbrown v0.13.2
   Compiling sha2 v0.10.9
   Compiling cranelift-codegen v0.104.3
   Compiling slice-group-by v0.3.1
   Compiling arbitrary v1.4.1
   Compiling hyper-tls v0.5.0
   Compiling utf-8 v0.7.6
   Compiling reqwest v0.11.27
   Compiling data-encoding v2.9.0
   Compiling cranelift-entity v0.104.3
   Compiling sync_wrapper v1.0.2
   Compiling home v0.5.11
   Compiling tungstenite v0.24.0
   Compiling cranelift-bforest v0.104.3
   Compiling regalloc2 v0.9.3
   Compiling cranelift-control v0.104.3
   Compiling unicode-normalization v0.1.24
   Compiling pkcs8 v0.10.2
   Compiling fluentai-effects v0.1.0 (/Users/joe/repos/claudelang/rust/fluentai-effects)
   Compiling concurrent-queue v2.5.0
   Compiling hyper v1.6.0
   Compiling hmac v0.12.1
   Compiling gimli v0.28.1
   Compiling unicode-properties v0.1.3
   Compiling fluentai-types v0.1.0 (/Users/joe/repos/claudelang/rust/fluentai-types)
   Compiling fluentai-stdlib v0.1.0 (/Users/joe/repos/claudelang/rust/fluentai-stdlib)
   Compiling fluentai-optimizer v0.1.0 (/Users/joe/repos/claudelang/rust/fluentai-optimizer)
   Compiling vcpkg v0.2.15
   Compiling unicode-bidi v0.3.18
   Compiling fluentai-vm v0.1.0 (/Users/joe/repos/claudelang/rust/fluentai-vm)
   Compiling stringprep v0.1.5
   Compiling libsqlite3-sys v0.30.1
   Compiling hyper-util v0.1.14
   Compiling axum-core v0.4.5
   Compiling hkdf v0.12.4
   Compiling event-listener v5.4.0
   Compiling pkcs1 v0.7.5
   Compiling pyo3-build-config v0.19.2
   Compiling futures-intrusive v0.5.0
   Compiling tokio-tungstenite v0.24.0
   Compiling tower v0.5.2
error: failed to run custom build command for `z3-sys v0.8.1`

Caused by:
  process didn't exit successfully: `/Users/joe/repos/claudelang/rust/target/debug/build/z3-sys-f35b9f2bc0c271b5/build-script-build` (exit status: 101)
  --- stdout
  CMAKE_TOOLCHAIN_FILE_aarch64-apple-darwin = None
  CMAKE_TOOLCHAIN_FILE_aarch64_apple_darwin = None
  HOST_CMAKE_TOOLCHAIN_FILE = None
  CMAKE_TOOLCHAIN_FILE = None
  CMAKE_GENERATOR_aarch64-apple-darwin = None
  CMAKE_GENERATOR_aarch64_apple_darwin = None
  HOST_CMAKE_GENERATOR = None
  CMAKE_GENERATOR = None
  CMAKE_PREFIX_PATH_aarch64-apple-darwin = None
  CMAKE_PREFIX_PATH_aarch64_apple_darwin = None
  HOST_CMAKE_PREFIX_PATH = None
  CMAKE_PREFIX_PATH = None
  CMAKE_aarch64-apple-darwin = None
  CMAKE_aarch64_apple_darwin = None
  HOST_CMAKE = None
  CMAKE = None
  running: cd "/Users/joe/repos/claudelang/rust/target/debug/build/z3-sys-526ddcfcef5e5ce1/out/build" && CMAKE_PREFIX_PATH="" LC_ALL="C" "cmake" "/Users/joe/.cargo/registry/src/index.crates.io-1949cf8c6b5b557f/z3-sys-0.8.1/z3" "-DCMAKE_OSX_ARCHITECTURES=arm64" "-DZ3_BUILD_LIBZ3_SHARED=false" "-DZ3_BUILD_EXECUTABLE=false" "-DZ3_BUILD_TEST_EXECUTABLES=false" "-DCMAKE_INSTALL_PREFIX=/Users/joe/repos/claudelang/rust/target/debug/build/z3-sys-526ddcfcef5e5ce1/out" "-DCMAKE_C_FLAGS= -ffunction-sections -fdata-sections -fPIC --target=arm64-apple-macosx -mmacosx-version-min=15.5" "-DCMAKE_C_COMPILER=/usr/bin/cc" "-DCMAKE_CXX_FLAGS= -ffunction-sections -fdata-sections -fPIC --target=arm64-apple-macosx -mmacosx-version-min=15.5" "-DCMAKE_CXX_COMPILER=/usr/bin/c++" "-DCMAKE_ASM_FLAGS= -ffunction-sections -fdata-sections -fPIC --target=arm64-apple-macosx -mmacosx-version-min=15.5" "-DCMAKE_ASM_COMPILER=/usr/bin/cc" "-DCMAKE_BUILD_TYPE=Debug"
  -- The CXX compiler identification is AppleClang 17.0.0.17000013
  -- Detecting CXX compiler ABI info
  -- Detecting CXX compiler ABI info - done
  -- Check for working CXX compiler: /usr/bin/c++ - skipped
  -- Detecting CXX compile features
  -- Detecting CXX compile features - done
  -- Z3 version 4.12.1.0
  -- Failed to find git directory.
  -- CMake generator: Unix Makefiles
  -- Build type: Debug
  -- Found PythonInterp: /opt/homebrew/bin/python3 (found suitable version "3.13.2", minimum required is "3")
  -- PYTHON_EXECUTABLE: /opt/homebrew/bin/python3
  -- Detected target architecture: arm64
  -- Not using libgmp
  -- Not using Z3_API_LOG_SYNC
  -- Thread-safe build
  -- Performing Test CMAKE_HAVE_LIBC_PTHREAD
  -- Performing Test CMAKE_HAVE_LIBC_PTHREAD - Success
  -- Found Threads: TRUE
  -- Performing Test HAS__Wall
  -- Performing Test HAS__Wall - Success
  -- C++ compiler supports -Wall
  -- Treating only serious compiler warnings as errors
  -- Performing Test HAS__Werror_odr
  -- Performing Test HAS__Werror_odr - Success
  -- C++ compiler supports -Werror=odr
  -- Performing Test HAS__Werror_delete_non_virtual_dtor
  -- Performing Test HAS__Werror_delete_non_virtual_dtor - Success
  -- C++ compiler supports -Werror=delete-non-virtual-dtor
  -- Performing Test HAS__Werror_overloaded_virtual
  -- Performing Test HAS__Werror_overloaded_virtual - Success
  -- C++ compiler supports -Werror=overloaded-virtual
  -- Performing Test HAS__Werror_non_virtual_dtor
  -- Performing Test HAS__Werror_non_virtual_dtor - Success
  -- C++ compiler supports -Werror=non-virtual-dtor
  -- Performing Test HAS__Werror_null_dereference
  -- Performing Test HAS__Werror_null_dereference - Success
  -- C++ compiler supports -Werror=null-dereference
  -- Performing Test HAS__Werror_no_unreachable_code_return
  -- Performing Test HAS__Werror_no_unreachable_code_return - Failed
  -- C++ compiler does not support -Werror=no-unreachable-code-return
  -- LTO disabled
  -- Performing Test BUILTIN_ATOMIC
  -- Performing Test BUILTIN_ATOMIC - Failed
  -- Performing Test ATOMICS_REQUIRE_LIBATOMIC
  -- Performing Test ATOMICS_REQUIRE_LIBATOMIC - Failed
  -- Configuring incomplete, errors occurred!

  --- stderr
  CMake Deprecation Warning at CMakeLists.txt:2 (cmake_minimum_required):
    Compatibility with CMake < 3.10 will be removed from a future version of
    CMake.

    Update the VERSION argument <min> value.  Or, use the <min>...<max> syntax
    to tell CMake that the project requires at least <min> but has been updated
    to work with policies introduced by <max> or earlier.


  CMake Warning at CMakeLists.txt:44 (message):
    Disabling Z3_INCLUDE_GIT_DESCRIBE
  Call Stack (most recent call first):
    CMakeLists.txt:93 (disable_git_describe)


  CMake Warning at CMakeLists.txt:48 (message):
    Disabling Z3_INCLUDE_GIT_HASH
  Call Stack (most recent call first):
    CMakeLists.txt:94 (disable_git_hash)


  CMake Warning (dev) at CMakeLists.txt:156 (find_package):
    Policy CMP0148 is not set: The FindPythonInterp and FindPythonLibs modules
    are removed.  Run "cmake --help-policy CMP0148" for policy details.  Use
    the cmake_policy command to set the policy and suppress this warning.

  This warning is for project developers.  Use -Wno-dev to suppress it.

  CMake Error at cmake/check_link_atomic.cmake:21 (message):
    Host compiler must support std::atomic!
  Call Stack (most recent call first):
    CMakeLists.txt:376 (include)



  thread 'main' panicked at /Users/joe/.cargo/registry/src/index.crates.io-1949cf8c6b5b557f/cmake-0.1.54/src/lib.rs:1119:5:

  command did not execute successfully, got: exit status: 1

  build script failed, must exit now
  note: run with `RUST_BACKTRACE=1` environment variable to display a backtrace
warning: build failed, waiting for other jobs to finish...
[2m2025-07-08T17:21:43.937331Z[0m [31mERROR[0m [2mcargo_tarpaulin[0m[2m:[0m Cargo failed to run! Error: cargo run failed
[2m2025-07-08T17:21:44.328414Z[0m [32m INFO[0m [2mcargo_tarpaulin[0m[2m:[0m Running config fluentai-quick
[2m2025-07-08T17:21:44.328441Z[0m [32m INFO[0m [2mcargo_tarpaulin[0m[2m:[0m Running Tarpaulin
[2m2025-07-08T17:21:44.328446Z[0m [32m INFO[0m [2mcargo_tarpaulin[0m[2m:[0m Building project
[2m2025-07-08T17:21:44.328450Z[0m [32m INFO[0m [2mcargo_tarpaulin::cargo[0m[2m:[0m Cleaning project
   Compiling proc-macro2 v1.0.95
   Compiling unicode-ident v1.0.18
   Compiling serde v1.0.219
   Compiling cfg-if v1.0.1
   Compiling libc v0.2.174
   Compiling autocfg v1.5.0
   Compiling scopeguard v1.2.0
   Compiling once_cell v1.21.3
   Compiling memchr v2.7.5
   Compiling pin-project-lite v0.2.16
   Compiling itoa v1.0.15
   Compiling log v0.4.27
   Compiling parking_lot_core v0.9.11
   Compiling libm v0.2.15
   Compiling serde_json v1.0.140
   Compiling ryu v1.0.20
   Compiling bytes v1.10.1
   Compiling crossbeam-utils v0.8.21
   Compiling lock_api v0.4.13
   Compiling tracing-core v0.1.34
   Compiling futures-core v0.3.31
   Compiling fnv v1.0.7
   Compiling num-traits v0.2.19
   Compiling equivalent v1.0.2
   Compiling allocator-api2 v0.2.21
   Compiling foldhash v0.1.5
   Compiling rustc-hash v1.1.0
   Compiling getrandom v0.3.3
   Compiling zerocopy v0.8.26
   Compiling hashbrown v0.15.4
   Compiling thiserror v1.0.69
   Compiling quote v1.0.40
   Compiling indexmap v2.10.0
   Compiling syn v2.0.104
   Compiling pin-utils v0.1.0
   Compiling futures-io v0.3.31
   Compiling bumpalo v3.19.0
   Compiling crossbeam-epoch v0.9.18
   Compiling crossbeam-queue v0.3.12
   Compiling slab v0.4.10
   Compiling crossbeam-deque v0.8.6
   Compiling futures-task v0.3.31
   Compiling signal-hook-registry v1.4.5
   Compiling mio v1.0.4
   Compiling core-foundation-sys v0.8.7
   Compiling litemap v0.8.0
   Compiling anyhow v1.0.98
   Compiling writeable v0.6.1
   Compiling futures-sink v0.3.31
   Compiling socket2 v0.5.10
   Compiling crossbeam-channel v0.5.15
   Compiling num_cpus v1.17.0
   Compiling stable_deref_trait v1.2.0
   Compiling icu_properties_data v2.0.1
   Compiling icu_normalizer_data v2.0.0
   Compiling errno v0.3.13
   Compiling fastrand v2.3.0
   Compiling futures-channel v0.3.31
   Compiling crossbeam v0.8.4
   Compiling rustix v1.0.7
   Compiling percent-encoding v2.3.1
   Compiling utf8_iter v1.0.4
   Compiling native-tls v0.2.14
   Compiling iana-time-zone v0.1.63
   Compiling form_urlencoded v1.2.1
   Compiling httparse v1.10.1
   Compiling getrandom v0.2.16
   Compiling core-foundation v0.9.4
   Compiling rand_core v0.6.4
   Compiling tower-service v0.3.3
   Compiling bitflags v1.3.2
   Compiling security-framework-sys v2.14.0
   Compiling httpdate v1.0.3
   Compiling mime v0.3.17
   Compiling hashbrown v0.14.5
   Compiling toml_write v0.1.2
   Compiling winnow v0.7.11
   Compiling ppv-lite86 v0.2.21
   Compiling http v0.2.12
   Compiling unicase v2.8.1
   Compiling try-lock v0.2.5
   Compiling system-configuration-sys v0.5.0
   Compiling want v0.3.1
   Compiling rand_chacha v0.3.1
   Compiling mime_guess v2.0.5
   Compiling encoding_rs v0.8.35
   Compiling base64 v0.21.7
   Compiling sync_wrapper v0.1.2
   Compiling rand v0.8.5
   Compiling synstructure v0.13.2
   Compiling http-body v0.4.6
   Compiling rustls-pemfile v1.0.4
   Compiling downcast-rs v1.2.1
   Compiling ipnet v2.11.0
   Compiling regex-syntax v0.6.29
   Compiling system-configuration v0.5.1
   Compiling beef v0.5.2
   Compiling regex-syntax v0.8.5
   Compiling heck v0.5.0
   Compiling rayon-core v1.12.1
   Compiling utf8parse v0.2.2
   Compiling is_terminal_polyfill v1.70.1
   Compiling anstyle-parse v0.2.7
   Compiling colorchoice v1.0.4
   Compiling anstyle v1.0.11
   Compiling anstyle-query v1.1.3
   Compiling clap_lex v0.7.5
   Compiling strsim v0.11.1
   Compiling rustc-hash v2.1.1
   Compiling anstream v0.6.19
   Compiling aho-corasick v1.1.3
   Compiling same-file v1.0.6
   Compiling half v2.6.0
   Compiling clap_builder v4.5.40
   Compiling walkdir v2.5.0
   Compiling plotters-backend v0.3.7
   Compiling ciborium-io v0.2.2
   Compiling ciborium-ll v0.2.2
   Compiling plotters-svg v0.3.7
   Compiling cast v0.3.0
   Compiling is-terminal v0.4.16
   Compiling plotters v0.3.7
   Compiling oorandom v11.1.5
   Compiling logos-codegen v0.13.0
   Compiling anes v0.1.6
   Compiling byteorder v1.5.0
   Compiling regex-automata v0.4.9
   Compiling spin v0.9.8
   Compiling version_check v0.9.5
   Compiling lazy_static v1.5.0
   Compiling typenum v1.18.0
   Compiling generic-array v0.14.7
   Compiling serde_derive v1.0.219
   Compiling tracing-attributes v0.1.30
   Compiling zerofrom-derive v0.1.6
   Compiling yoke-derive v0.8.0
   Compiling zerovec-derive v0.11.1
   Compiling displaydoc v0.2.5
   Compiling thiserror-impl v1.0.69
   Compiling tokio-macros v2.5.0
   Compiling futures-macro v0.3.31
   Compiling async-trait v0.1.88
   Compiling logos-derive v0.13.0
   Compiling clap_derive v4.5.40
   Compiling regex v1.11.1
   Compiling tracing v0.1.41
   Compiling zerofrom v0.1.6
   Compiling futures-util v0.3.31
   Compiling shlex v1.3.0
   Compiling logos v0.13.0
   Compiling const-oid v0.9.6
   Compiling yoke v0.8.0
   Compiling cc v1.2.27
   Compiling subtle v2.6.1
   Compiling rand_core v0.9.3
   Compiling wait-timeout v0.2.1
   Compiling quick-error v1.2.3
   Compiling bit-vec v0.8.0
   Compiling rand v0.9.1
   Compiling bit-set v0.8.0
   Compiling rand_xorshift v0.4.0
   Compiling rand_chacha v0.9.0
   Compiling unarray v0.1.4
   Compiling cpufeatures v0.2.17
   Compiling glob v0.3.2
   Compiling base64 v0.22.1
   Compiling minimal-lexical v0.2.1
   Compiling zerovec v0.11.2
   Compiling zerotrie v0.2.2
   Compiling clap v4.5.40
   Compiling nom v7.1.3
   Compiling clang-sys v1.8.1
   Compiling block-buffer v0.10.4
   Compiling crypto-common v0.1.6
   Compiling libloading v0.8.8
   Compiling digest v0.10.7
   Compiling bindgen v0.66.1
   Compiling http v1.3.1
   Compiling indexmap v1.9.3
   Compiling lazycell v1.3.0
   Compiling peeking_take_while v0.1.2
   Compiling cexpr v0.6.0
   Compiling futures-executor v0.3.31
   Compiling futures v0.3.31
   Compiling cmake v0.1.54
   Compiling hashbrown v0.12.3
   Compiling tinystr v0.8.1
   Compiling potential_utf v0.1.2
   Compiling sha1 v0.10.6
   Compiling icu_locale_core v2.0.0
   Compiling icu_collections v2.0.0
   Compiling overload v0.1.1
   Compiling pkg-config v0.3.32
   Compiling nu-ansi-term v0.46.0
   Compiling sharded-slab v0.1.7
   Compiling smallvec v1.15.1
   Compiling bitflags v2.9.1
   Compiling icu_provider v2.0.0
   Compiling parking_lot v0.12.4
   Compiling icu_properties v2.0.1
   Compiling icu_normalizer v2.0.0
   Compiling security-framework v2.11.1
   Compiling serde_urlencoded v0.7.1
   Compiling tokio v1.46.0
   Compiling fluentai-core v0.1.0 (/Users/joe/repos/claudelang/rust/fluentai-core)
   Compiling toml_datetime v0.6.11
   Compiling serde_spanned v0.6.9
   Compiling chrono v0.4.41
   Compiling idna_adapter v1.2.1
   Compiling idna v1.0.3
   Compiling tempfile v3.20.0
   Compiling toml_edit v0.22.27
   Compiling url v2.5.4
   Compiling uuid v1.17.0
   Compiling dashmap v5.5.3
   Compiling either v1.15.0
   Compiling fluentai-parser v0.1.0 (/Users/joe/repos/claudelang/rust/fluentai-parser)
   Compiling tinytemplate v1.2.1
   Compiling rayon v1.10.0
   Compiling itertools v0.10.5
   Compiling ciborium v0.2.2
   Compiling fluentai-modules v0.1.0 (/Users/joe/repos/claudelang/rust/fluentai-modules)
   Compiling rusty-fork v0.3.0
   Compiling toml v0.8.23
   Compiling proptest v1.7.0
   Compiling criterion-plot v0.5.0
   Compiling tracing-log v0.2.0
   Compiling thread_local v1.1.9
   Compiling criterion v0.5.1
   Compiling tower-layer v0.3.3
   Compiling tracing-subscriber v0.3.19
   Compiling async-stream-impl v0.3.6
   Compiling ahash v0.8.12
   Compiling adler2 v2.0.1
   Compiling tokio-util v0.7.15
   Compiling tokio-native-tls v0.3.1
   Compiling fluentai-di v0.1.0 (/Users/joe/repos/claudelang/rust/fluentai-di)
   Compiling h2 v0.3.26
   Compiling tokio-stream v0.1.17
   Compiling async-stream v0.3.6
   Compiling miniz_oxide v0.8.9
   Compiling lru v0.12.5
   Compiling thiserror v2.0.12
   Compiling zeroize v1.8.1
   Compiling parking v2.2.1
   Compiling http-body v1.0.1
   Compiling thiserror-impl v2.0.12
   Compiling pin-project-internal v1.1.10
   Compiling base64ct v1.8.0
   Compiling crc-catalog v2.4.0
   Compiling cranelift-isle v0.104.3
   Compiling yansi v1.0.1
   Compiling crc v3.3.0
   Compiling pem-rfc7468 v0.7.0
   Compiling hashlink v0.10.0
   Compiling hex v0.4.3
   Compiling hyper v0.14.32
   Compiling diff v0.1.13
   Compiling cranelift-codegen-shared v0.104.3
   Compiling cranelift-codegen-meta v0.104.3
   Compiling pretty_assertions v1.4.1
   Compiling der v0.7.10
   Compiling pin-project v1.1.10
   Compiling hdrhistogram v7.5.4
   Compiling target-lexicon v0.12.16
   Compiling num-bigint-dig v0.8.4
   Compiling tinyvec_macros v0.1.1
   Compiling rustversion v1.0.21
   Compiling tinyvec v1.9.0
   Compiling hyper-tls v0.5.0
   Compiling tower v0.4.13
   Compiling reqwest v0.11.27
   Compiling z3-sys v0.8.1
   Compiling spki v0.7.3
   Compiling http-body-util v0.1.3
   Compiling hashbrown v0.13.2
   Compiling sha2 v0.10.9
   Compiling cranelift-codegen v0.104.3
   Compiling slice-group-by v0.3.1
   Compiling utf-8 v0.7.6
   Compiling home v0.5.11
   Compiling data-encoding v2.9.0
   Compiling sync_wrapper v1.0.2
   Compiling cranelift-entity v0.104.3
   Compiling arbitrary v1.4.1
   Compiling fluentai-effects v0.1.0 (/Users/joe/repos/claudelang/rust/fluentai-effects)
   Compiling tungstenite v0.24.0
   Compiling cranelift-bforest v0.104.3
   Compiling regalloc2 v0.9.3
   Compiling cranelift-control v0.104.3
   Compiling fluentai-types v0.1.0 (/Users/joe/repos/claudelang/rust/fluentai-types)
   Compiling fluentai-stdlib v0.1.0 (/Users/joe/repos/claudelang/rust/fluentai-stdlib)
   Compiling pkcs8 v0.10.2
   Compiling fluentai-optimizer v0.1.0 (/Users/joe/repos/claudelang/rust/fluentai-optimizer)
   Compiling unicode-normalization v0.1.24
   Compiling concurrent-queue v2.5.0
   Compiling fluentai-vm v0.1.0 (/Users/joe/repos/claudelang/rust/fluentai-vm)
   Compiling hyper v1.6.0
   Compiling hmac v0.12.1
   Compiling gimli v0.28.1
   Compiling unicode-bidi v0.3.18
   Compiling unicode-properties v0.1.3
   Compiling vcpkg v0.2.15
   Compiling stringprep v0.1.5
   Compiling hkdf v0.12.4
   Compiling hyper-util v0.1.14
   Compiling event-listener v5.4.0
   Compiling pyo3-build-config v0.19.2
   Compiling axum-core v0.4.5
   Compiling pkcs1 v0.7.5
   Compiling libsqlite3-sys v0.30.1
   Compiling futures-intrusive v0.5.0
   Compiling tokio-tungstenite v0.24.0
   Compiling tower v0.5.2
error: failed to run custom build command for `z3-sys v0.8.1`

Caused by:
  process didn't exit successfully: `/Users/joe/repos/claudelang/rust/target/debug/build/z3-sys-f35b9f2bc0c271b5/build-script-build` (exit status: 101)
  --- stdout
  CMAKE_TOOLCHAIN_FILE_aarch64-apple-darwin = None
  CMAKE_TOOLCHAIN_FILE_aarch64_apple_darwin = None
  HOST_CMAKE_TOOLCHAIN_FILE = None
  CMAKE_TOOLCHAIN_FILE = None
  CMAKE_GENERATOR_aarch64-apple-darwin = None
  CMAKE_GENERATOR_aarch64_apple_darwin = None
  HOST_CMAKE_GENERATOR = None
  CMAKE_GENERATOR = None
  CMAKE_PREFIX_PATH_aarch64-apple-darwin = None
  CMAKE_PREFIX_PATH_aarch64_apple_darwin = None
  HOST_CMAKE_PREFIX_PATH = None
  CMAKE_PREFIX_PATH = None
  CMAKE_aarch64-apple-darwin = None
  CMAKE_aarch64_apple_darwin = None
  HOST_CMAKE = None
  CMAKE = None
  running: cd "/Users/joe/repos/claudelang/rust/target/debug/build/z3-sys-526ddcfcef5e5ce1/out/build" && CMAKE_PREFIX_PATH="" LC_ALL="C" "cmake" "/Users/joe/.cargo/registry/src/index.crates.io-1949cf8c6b5b557f/z3-sys-0.8.1/z3" "-DCMAKE_OSX_ARCHITECTURES=arm64" "-DZ3_BUILD_LIBZ3_SHARED=false" "-DZ3_BUILD_EXECUTABLE=false" "-DZ3_BUILD_TEST_EXECUTABLES=false" "-DCMAKE_INSTALL_PREFIX=/Users/joe/repos/claudelang/rust/target/debug/build/z3-sys-526ddcfcef5e5ce1/out" "-DCMAKE_C_FLAGS= -ffunction-sections -fdata-sections -fPIC --target=arm64-apple-macosx -mmacosx-version-min=15.5" "-DCMAKE_C_COMPILER=/usr/bin/cc" "-DCMAKE_CXX_FLAGS= -ffunction-sections -fdata-sections -fPIC --target=arm64-apple-macosx -mmacosx-version-min=15.5" "-DCMAKE_CXX_COMPILER=/usr/bin/c++" "-DCMAKE_ASM_FLAGS= -ffunction-sections -fdata-sections -fPIC --target=arm64-apple-macosx -mmacosx-version-min=15.5" "-DCMAKE_ASM_COMPILER=/usr/bin/cc" "-DCMAKE_BUILD_TYPE=Debug"
  -- The CXX compiler identification is AppleClang 17.0.0.17000013
  -- Detecting CXX compiler ABI info
  -- Detecting CXX compiler ABI info - done
  -- Check for working CXX compiler: /usr/bin/c++ - skipped
  -- Detecting CXX compile features
  -- Detecting CXX compile features - done
  -- Z3 version 4.12.1.0
  -- Failed to find git directory.
  -- CMake generator: Unix Makefiles
  -- Build type: Debug
  -- Found PythonInterp: /opt/homebrew/bin/python3 (found suitable version "3.13.2", minimum required is "3")
  -- PYTHON_EXECUTABLE: /opt/homebrew/bin/python3
  -- Detected target architecture: arm64
  -- Not using libgmp
  -- Not using Z3_API_LOG_SYNC
  -- Thread-safe build
  -- Performing Test CMAKE_HAVE_LIBC_PTHREAD
  -- Performing Test CMAKE_HAVE_LIBC_PTHREAD - Success
  -- Found Threads: TRUE
  -- Performing Test HAS__Wall
  -- Performing Test HAS__Wall - Success
  -- C++ compiler supports -Wall
  -- Treating only serious compiler warnings as errors
  -- Performing Test HAS__Werror_odr
  -- Performing Test HAS__Werror_odr - Success
  -- C++ compiler supports -Werror=odr
  -- Performing Test HAS__Werror_delete_non_virtual_dtor
  -- Performing Test HAS__Werror_delete_non_virtual_dtor - Success
  -- C++ compiler supports -Werror=delete-non-virtual-dtor
  -- Performing Test HAS__Werror_overloaded_virtual
  -- Performing Test HAS__Werror_overloaded_virtual - Success
  -- C++ compiler supports -Werror=overloaded-virtual
  -- Performing Test HAS__Werror_non_virtual_dtor
  -- Performing Test HAS__Werror_non_virtual_dtor - Success
  -- C++ compiler supports -Werror=non-virtual-dtor
  -- Performing Test HAS__Werror_null_dereference
  -- Performing Test HAS__Werror_null_dereference - Success
  -- C++ compiler supports -Werror=null-dereference
  -- Performing Test HAS__Werror_no_unreachable_code_return
  -- Performing Test HAS__Werror_no_unreachable_code_return - Failed
  -- C++ compiler does not support -Werror=no-unreachable-code-return
  -- LTO disabled
  -- Performing Test BUILTIN_ATOMIC
  -- Performing Test BUILTIN_ATOMIC - Failed
  -- Performing Test ATOMICS_REQUIRE_LIBATOMIC
  -- Performing Test ATOMICS_REQUIRE_LIBATOMIC - Failed
  -- Configuring incomplete, errors occurred!

  --- stderr
  CMake Deprecation Warning at CMakeLists.txt:2 (cmake_minimum_required):
    Compatibility with CMake < 3.10 will be removed from a future version of
    CMake.

    Update the VERSION argument <min> value.  Or, use the <min>...<max> syntax
    to tell CMake that the project requires at least <min> but has been updated
    to work with policies introduced by <max> or earlier.


  CMake Warning at CMakeLists.txt:44 (message):
    Disabling Z3_INCLUDE_GIT_DESCRIBE
  Call Stack (most recent call first):
    CMakeLists.txt:93 (disable_git_describe)


  CMake Warning at CMakeLists.txt:48 (message):
    Disabling Z3_INCLUDE_GIT_HASH
  Call Stack (most recent call first):
    CMakeLists.txt:94 (disable_git_hash)


  CMake Warning (dev) at CMakeLists.txt:156 (find_package):
    Policy CMP0148 is not set: The FindPythonInterp and FindPythonLibs modules
    are removed.  Run "cmake --help-policy CMP0148" for policy details.  Use
    the cmake_policy command to set the policy and suppress this warning.

  This warning is for project developers.  Use -Wno-dev to suppress it.

  CMake Error at cmake/check_link_atomic.cmake:21 (message):
    Host compiler must support std::atomic!
  Call Stack (most recent call first):
    CMakeLists.txt:376 (include)



  thread 'main' panicked at /Users/joe/.cargo/registry/src/index.crates.io-1949cf8c6b5b557f/cmake-0.1.54/src/lib.rs:1119:5:

  command did not execute successfully, got: exit status: 1

  build script failed, must exit now
  note: run with `RUST_BACKTRACE=1` environment variable to display a backtrace
warning: build failed, waiting for other jobs to finish...
[2m2025-07-08T17:22:16.248246Z[0m [31mERROR[0m [2mcargo_tarpaulin[0m[2m:[0m Cargo failed to run! Error: cargo run failed
[2m2025-07-08T17:22:16.645591Z[0m [32m INFO[0m [2mcargo_tarpaulin[0m[2m:[0m Running config ci
[2m2025-07-08T17:22:16.645622Z[0m [32m INFO[0m [2mcargo_tarpaulin[0m[2m:[0m Running Tarpaulin
[2m2025-07-08T17:22:16.645626Z[0m [32m INFO[0m [2mcargo_tarpaulin[0m[2m:[0m Building project
[2m2025-07-08T17:22:16.645631Z[0m [32m INFO[0m [2mcargo_tarpaulin::cargo[0m[2m:[0m Cleaning project
   Compiling proc-macro2 v1.0.95
   Compiling unicode-ident v1.0.18
   Compiling serde v1.0.219
   Compiling cfg-if v1.0.1
   Compiling libc v0.2.174
   Compiling autocfg v1.5.0
   Compiling once_cell v1.21.3
   Compiling scopeguard v1.2.0
   Compiling memchr v2.7.5
   Compiling pin-project-lite v0.2.16
   Compiling log v0.4.27
   Compiling itoa v1.0.15
   Compiling parking_lot_core v0.9.11
   Compiling libm v0.2.15
   Compiling ryu v1.0.20
   Compiling serde_json v1.0.140
   Compiling crossbeam-utils v0.8.21
   Compiling bytes v1.10.1
   Compiling tracing-core v0.1.34
   Compiling lock_api v0.4.13
   Compiling futures-core v0.3.31
   Compiling fnv v1.0.7
   Compiling num-traits v0.2.19
   Compiling rustc-hash v1.1.0
   Compiling equivalent v1.0.2
   Compiling foldhash v0.1.5
   Compiling allocator-api2 v0.2.21
   Compiling getrandom v0.3.3
   Compiling zerocopy v0.8.26
   Compiling hashbrown v0.15.4
   Compiling thiserror v1.0.69
   Compiling quote v1.0.40
   Compiling syn v2.0.104
   Compiling indexmap v2.10.0
   Compiling pin-utils v0.1.0
   Compiling futures-io v0.3.31
   Compiling crossbeam-epoch v0.9.18
   Compiling crossbeam-queue v0.3.12
   Compiling slab v0.4.10
   Compiling futures-task v0.3.31
   Compiling crossbeam-deque v0.8.6
   Compiling bumpalo v3.19.0
   Compiling signal-hook-registry v1.4.5
   Compiling mio v1.0.4
   Compiling writeable v0.6.1
   Compiling core-foundation-sys v0.8.7
   Compiling anyhow v1.0.98
   Compiling litemap v0.8.0
   Compiling futures-sink v0.3.31
   Compiling socket2 v0.5.10
   Compiling crossbeam-channel v0.5.15
   Compiling num_cpus v1.17.0
   Compiling icu_normalizer_data v2.0.0
   Compiling icu_properties_data v2.0.1
   Compiling stable_deref_trait v1.2.0
   Compiling errno v0.3.13
   Compiling fastrand v2.3.0
   Compiling futures-channel v0.3.31
   Compiling rustix v1.0.7
   Compiling crossbeam v0.8.4
   Compiling percent-encoding v2.3.1
   Compiling utf8_iter v1.0.4
   Compiling native-tls v0.2.14
   Compiling iana-time-zone v0.1.63
   Compiling form_urlencoded v1.2.1
   Compiling httparse v1.10.1
   Compiling getrandom v0.2.16
   Compiling core-foundation v0.9.4
   Compiling rand_core v0.6.4
   Compiling bitflags v1.3.2
   Compiling tower-service v0.3.3
   Compiling security-framework-sys v2.14.0
   Compiling httpdate v1.0.3
   Compiling mime v0.3.17
   Compiling hashbrown v0.14.5
   Compiling winnow v0.7.11
   Compiling toml_write v0.1.2
   Compiling ppv-lite86 v0.2.21
   Compiling http v0.2.12
   Compiling unicase v2.8.1
   Compiling try-lock v0.2.5
   Compiling system-configuration-sys v0.5.0
   Compiling want v0.3.1
   Compiling rand_chacha v0.3.1
   Compiling encoding_rs v0.8.35
   Compiling mime_guess v2.0.5
   Compiling synstructure v0.13.2
   Compiling rand v0.8.5
   Compiling http-body v0.4.6
   Compiling base64 v0.21.7
   Compiling system-configuration v0.5.1
   Compiling sync_wrapper v0.1.2
   Compiling rustls-pemfile v1.0.4
   Compiling ipnet v2.11.0
   Compiling downcast-rs v1.2.1
   Compiling regex-syntax v0.6.29
   Compiling beef v0.5.2
   Compiling regex-syntax v0.8.5
   Compiling heck v0.5.0
   Compiling rayon-core v1.12.1
   Compiling utf8parse v0.2.2
   Compiling anstyle-parse v0.2.7
   Compiling is_terminal_polyfill v1.70.1
   Compiling anstyle-query v1.1.3
   Compiling anstyle v1.0.11
   Compiling colorchoice v1.0.4
   Compiling clap_lex v0.7.5
   Compiling strsim v0.11.1
   Compiling rustc-hash v2.1.1
   Compiling aho-corasick v1.1.3
   Compiling anstream v0.6.19
   Compiling same-file v1.0.6
   Compiling half v2.6.0
   Compiling walkdir v2.5.0
   Compiling clap_builder v4.5.40
   Compiling ciborium-io v0.2.2
   Compiling plotters-backend v0.3.7
   Compiling ciborium-ll v0.2.2
   Compiling plotters-svg v0.3.7
   Compiling cast v0.3.0
   Compiling is-terminal v0.4.16
   Compiling plotters v0.3.7
   Compiling anes v0.1.6
   Compiling oorandom v11.1.5
   Compiling byteorder v1.5.0
   Compiling spin v0.9.8
   Compiling logos-codegen v0.13.0
   Compiling version_check v0.9.5
   Compiling lazy_static v1.5.0
   Compiling regex-automata v0.4.9
   Compiling typenum v1.18.0
   Compiling serde_derive v1.0.219
   Compiling tracing-attributes v0.1.30
   Compiling zerofrom-derive v0.1.6
   Compiling yoke-derive v0.8.0
   Compiling zerovec-derive v0.11.1
   Compiling displaydoc v0.2.5
   Compiling thiserror-impl v1.0.69
   Compiling tokio-macros v2.5.0
   Compiling futures-macro v0.3.31
   Compiling async-trait v0.1.88
   Compiling logos-derive v0.13.0
   Compiling clap_derive v4.5.40
   Compiling regex v1.11.1
   Compiling tracing v0.1.41
   Compiling zerofrom v0.1.6
   Compiling yoke v0.8.0
   Compiling logos v0.13.0
   Compiling generic-array v0.14.7
   Compiling shlex v1.3.0
   Compiling futures-util v0.3.31
   Compiling const-oid v0.9.6
   Compiling cc v1.2.27
   Compiling subtle v2.6.1
   Compiling rand_core v0.9.3
   Compiling wait-timeout v0.2.1
   Compiling zerovec v0.11.2
   Compiling zerotrie v0.2.2
   Compiling quick-error v1.2.3
   Compiling bit-vec v0.8.0
   Compiling rand_chacha v0.9.0
   Compiling bit-set v0.8.0
   Compiling rand v0.9.1
   Compiling rand_xorshift v0.4.0
   Compiling unarray v0.1.4
   Compiling cpufeatures v0.2.17
   Compiling glob v0.3.2
   Compiling base64 v0.22.1
   Compiling clap v4.5.40
   Compiling minimal-lexical v0.2.1
   Compiling clang-sys v1.8.1
   Compiling nom v7.1.3
   Compiling crypto-common v0.1.6
   Compiling block-buffer v0.10.4
   Compiling digest v0.10.7
   Compiling libloading v0.8.8
   Compiling bindgen v0.66.1
   Compiling http v1.3.1
   Compiling tinystr v0.8.1
   Compiling potential_utf v0.1.2
   Compiling icu_locale_core v2.0.0
   Compiling icu_collections v2.0.0
   Compiling indexmap v1.9.3
   Compiling lazycell v1.3.0
   Compiling futures-executor v0.3.31
   Compiling icu_provider v2.0.0
   Compiling cexpr v0.6.0
   Compiling peeking_take_while v0.1.2
   Compiling futures v0.3.31
   Compiling icu_properties v2.0.1
   Compiling cmake v0.1.54
   Compiling hashbrown v0.12.3
   Compiling sha1 v0.10.6
   Compiling overload v0.1.1
   Compiling pkg-config v0.3.32
   Compiling nu-ansi-term v0.46.0
   Compiling sharded-slab v0.1.7
   Compiling tracing-log v0.2.0
   Compiling smallvec v1.15.1
   Compiling bitflags v2.9.1
   Compiling icu_normalizer v2.0.0
   Compiling security-framework v2.11.1
   Compiling serde_urlencoded v0.7.1
   Compiling serde_spanned v0.6.9
   Compiling toml_datetime v0.6.11
   Compiling parking_lot v0.12.4
   Compiling toml_edit v0.22.27
   Compiling idna_adapter v1.2.1
   Compiling chrono v0.4.41
   Compiling tokio v1.46.0
   Compiling fluentai-core v0.1.0 (/Users/joe/repos/claudelang/rust/fluentai-core)
   Compiling idna v1.0.3
   Compiling uuid v1.17.0
   Compiling tempfile v3.20.0
   Compiling url v2.5.4
   Compiling dashmap v5.5.3
   Compiling either v1.15.0
   Compiling tinytemplate v1.2.1
   Compiling rayon v1.10.0
   Compiling toml v0.8.23
   Compiling itertools v0.10.5
   Compiling fluentai-parser v0.1.0 (/Users/joe/repos/claudelang/rust/fluentai-parser)
   Compiling ciborium v0.2.2
   Compiling rusty-fork v0.3.0
   Compiling fluentai-modules v0.1.0 (/Users/joe/repos/claudelang/rust/fluentai-modules)
   Compiling proptest v1.7.0
   Compiling criterion-plot v0.5.0
   Compiling thread_local v1.1.9
   Compiling tower-layer v0.3.3
   Compiling tracing-subscriber v0.3.19
   Compiling criterion v0.5.1
   Compiling async-stream-impl v0.3.6
   Compiling ahash v0.8.12
   Compiling tokio-util v0.7.15
   Compiling tokio-native-tls v0.3.1
   Compiling fluentai-di v0.1.0 (/Users/joe/repos/claudelang/rust/fluentai-di)
   Compiling adler2 v2.0.1
   Compiling miniz_oxide v0.8.9
   Compiling h2 v0.3.26
   Compiling tokio-stream v0.1.17
   Compiling async-stream v0.3.6
   Compiling lru v0.12.5
   Compiling parking v2.2.1
   Compiling zeroize v1.8.1
   Compiling thiserror v2.0.12
   Compiling http-body v1.0.1
   Compiling pin-project-internal v1.1.10
   Compiling thiserror-impl v2.0.12
   Compiling yansi v1.0.1
   Compiling base64ct v1.8.0
   Compiling crc-catalog v2.4.0
   Compiling cranelift-isle v0.104.3
   Compiling crc v3.3.0
   Compiling pem-rfc7468 v0.7.0
   Compiling hashlink v0.10.0
   Compiling cranelift-codegen-shared v0.104.3
   Compiling hex v0.4.3
   Compiling diff v0.1.13
   Compiling pretty_assertions v1.4.1
   Compiling cranelift-codegen-meta v0.104.3
   Compiling hyper v0.14.32
   Compiling der v0.7.10
   Compiling pin-project v1.1.10
   Compiling hdrhistogram v7.5.4
   Compiling rustversion v1.0.21
   Compiling target-lexicon v0.12.16
   Compiling z3-sys v0.8.1
   Compiling tinyvec_macros v0.1.1
   Compiling num-bigint-dig v0.8.4
   Compiling tinyvec v1.9.0
   Compiling tower v0.4.13
   Compiling spki v0.7.3
   Compiling hyper-tls v0.5.0
   Compiling hashbrown v0.13.2
   Compiling reqwest v0.11.27
   Compiling http-body-util v0.1.3
   Compiling sha2 v0.10.9
   Compiling cranelift-codegen v0.104.3
   Compiling utf-8 v0.7.6
   Compiling data-encoding v2.9.0
   Compiling arbitrary v1.4.1
   Compiling cranelift-entity v0.104.3
   Compiling sync_wrapper v1.0.2
   Compiling home v0.5.11
   Compiling slice-group-by v0.3.1
   Compiling cranelift-bforest v0.104.3
   Compiling tungstenite v0.24.0
   Compiling regalloc2 v0.9.3
   Compiling fluentai-effects v0.1.0 (/Users/joe/repos/claudelang/rust/fluentai-effects)
   Compiling cranelift-control v0.104.3
   Compiling unicode-normalization v0.1.24
   Compiling pkcs8 v0.10.2
   Compiling concurrent-queue v2.5.0
   Compiling hyper v1.6.0
   Compiling hmac v0.12.1
   Compiling fluentai-types v0.1.0 (/Users/joe/repos/claudelang/rust/fluentai-types)
   Compiling fluentai-stdlib v0.1.0 (/Users/joe/repos/claudelang/rust/fluentai-stdlib)
   Compiling gimli v0.28.1
   Compiling fluentai-optimizer v0.1.0 (/Users/joe/repos/claudelang/rust/fluentai-optimizer)
   Compiling unicode-properties v0.1.3
   Compiling unicode-bidi v0.3.18
   Compiling fluentai-vm v0.1.0 (/Users/joe/repos/claudelang/rust/fluentai-vm)
   Compiling vcpkg v0.2.15
   Compiling stringprep v0.1.5
   Compiling hyper-util v0.1.14
   Compiling axum-core v0.4.5
   Compiling hkdf v0.12.4
   Compiling event-listener v5.4.0
error: failed to run custom build command for `z3-sys v0.8.1`

Caused by:
  process didn't exit successfully: `/Users/joe/repos/claudelang/rust/target/debug/build/z3-sys-f35b9f2bc0c271b5/build-script-build` (exit status: 101)
  --- stdout
  CMAKE_TOOLCHAIN_FILE_aarch64-apple-darwin = None
  CMAKE_TOOLCHAIN_FILE_aarch64_apple_darwin = None
  HOST_CMAKE_TOOLCHAIN_FILE = None
  CMAKE_TOOLCHAIN_FILE = None
  CMAKE_GENERATOR_aarch64-apple-darwin = None
  CMAKE_GENERATOR_aarch64_apple_darwin = None
  HOST_CMAKE_GENERATOR = None
  CMAKE_GENERATOR = None
  CMAKE_PREFIX_PATH_aarch64-apple-darwin = None
  CMAKE_PREFIX_PATH_aarch64_apple_darwin = None
  HOST_CMAKE_PREFIX_PATH = None
  CMAKE_PREFIX_PATH = None
  CMAKE_aarch64-apple-darwin = None
  CMAKE_aarch64_apple_darwin = None
  HOST_CMAKE = None
  CMAKE = None
  running: cd "/Users/joe/repos/claudelang/rust/target/debug/build/z3-sys-526ddcfcef5e5ce1/out/build" && CMAKE_PREFIX_PATH="" LC_ALL="C" "cmake" "/Users/joe/.cargo/registry/src/index.crates.io-1949cf8c6b5b557f/z3-sys-0.8.1/z3" "-DCMAKE_OSX_ARCHITECTURES=arm64" "-DZ3_BUILD_LIBZ3_SHARED=false" "-DZ3_BUILD_EXECUTABLE=false" "-DZ3_BUILD_TEST_EXECUTABLES=false" "-DCMAKE_INSTALL_PREFIX=/Users/joe/repos/claudelang/rust/target/debug/build/z3-sys-526ddcfcef5e5ce1/out" "-DCMAKE_C_FLAGS= -ffunction-sections -fdata-sections -fPIC --target=arm64-apple-macosx -mmacosx-version-min=15.5" "-DCMAKE_C_COMPILER=/usr/bin/cc" "-DCMAKE_CXX_FLAGS= -ffunction-sections -fdata-sections -fPIC --target=arm64-apple-macosx -mmacosx-version-min=15.5" "-DCMAKE_CXX_COMPILER=/usr/bin/c++" "-DCMAKE_ASM_FLAGS= -ffunction-sections -fdata-sections -fPIC --target=arm64-apple-macosx -mmacosx-version-min=15.5" "-DCMAKE_ASM_COMPILER=/usr/bin/cc" "-DCMAKE_BUILD_TYPE=Debug"
  -- The CXX compiler identification is AppleClang 17.0.0.17000013
  -- Detecting CXX compiler ABI info
  -- Detecting CXX compiler ABI info - done
  -- Check for working CXX compiler: /usr/bin/c++ - skipped
  -- Detecting CXX compile features
  -- Detecting CXX compile features - done
  -- Z3 version 4.12.1.0
  -- Failed to find git directory.
  -- CMake generator: Unix Makefiles
  -- Build type: Debug
  -- Found PythonInterp: /opt/homebrew/bin/python3 (found suitable version "3.13.2", minimum required is "3")
  -- PYTHON_EXECUTABLE: /opt/homebrew/bin/python3
  -- Detected target architecture: arm64
  -- Not using libgmp
  -- Not using Z3_API_LOG_SYNC
  -- Thread-safe build
  -- Performing Test CMAKE_HAVE_LIBC_PTHREAD
  -- Performing Test CMAKE_HAVE_LIBC_PTHREAD - Success
  -- Found Threads: TRUE
  -- Performing Test HAS__Wall
  -- Performing Test HAS__Wall - Success
  -- C++ compiler supports -Wall
  -- Treating only serious compiler warnings as errors
  -- Performing Test HAS__Werror_odr
  -- Performing Test HAS__Werror_odr - Success
  -- C++ compiler supports -Werror=odr
  -- Performing Test HAS__Werror_delete_non_virtual_dtor
  -- Performing Test HAS__Werror_delete_non_virtual_dtor - Success
  -- C++ compiler supports -Werror=delete-non-virtual-dtor
  -- Performing Test HAS__Werror_overloaded_virtual
  -- Performing Test HAS__Werror_overloaded_virtual - Success
  -- C++ compiler supports -Werror=overloaded-virtual
  -- Performing Test HAS__Werror_non_virtual_dtor
  -- Performing Test HAS__Werror_non_virtual_dtor - Success
  -- C++ compiler supports -Werror=non-virtual-dtor
  -- Performing Test HAS__Werror_null_dereference
  -- Performing Test HAS__Werror_null_dereference - Success
  -- C++ compiler supports -Werror=null-dereference
  -- Performing Test HAS__Werror_no_unreachable_code_return
  -- Performing Test HAS__Werror_no_unreachable_code_return - Failed
  -- C++ compiler does not support -Werror=no-unreachable-code-return
  -- LTO disabled
  -- Performing Test BUILTIN_ATOMIC
  -- Performing Test BUILTIN_ATOMIC - Failed
  -- Performing Test ATOMICS_REQUIRE_LIBATOMIC
  -- Performing Test ATOMICS_REQUIRE_LIBATOMIC - Failed
  -- Configuring incomplete, errors occurred!

  --- stderr
  CMake Deprecation Warning at CMakeLists.txt:2 (cmake_minimum_required):
    Compatibility with CMake < 3.10 will be removed from a future version of
    CMake.

    Update the VERSION argument <min> value.  Or, use the <min>...<max> syntax
    to tell CMake that the project requires at least <min> but has been updated
    to work with policies introduced by <max> or earlier.


  CMake Warning at CMakeLists.txt:44 (message):
    Disabling Z3_INCLUDE_GIT_DESCRIBE
  Call Stack (most recent call first):
    CMakeLists.txt:93 (disable_git_describe)


  CMake Warning at CMakeLists.txt:48 (message):
    Disabling Z3_INCLUDE_GIT_HASH
  Call Stack (most recent call first):
    CMakeLists.txt:94 (disable_git_hash)


  CMake Warning (dev) at CMakeLists.txt:156 (find_package):
    Policy CMP0148 is not set: The FindPythonInterp and FindPythonLibs modules
    are removed.  Run "cmake --help-policy CMP0148" for policy details.  Use
    the cmake_policy command to set the policy and suppress this warning.

  This warning is for project developers.  Use -Wno-dev to suppress it.

  CMake Error at cmake/check_link_atomic.cmake:21 (message):
    Host compiler must support std::atomic!
  Call Stack (most recent call first):
    CMakeLists.txt:376 (include)



  thread 'main' panicked at /Users/joe/.cargo/registry/src/index.crates.io-1949cf8c6b5b557f/cmake-0.1.54/src/lib.rs:1119:5:

  command did not execute successfully, got: exit status: 1

  build script failed, must exit now
  note: run with `RUST_BACKTRACE=1` environment variable to display a backtrace
warning: build failed, waiting for other jobs to finish...
[2m2025-07-08T17:22:43.013933Z[0m [31mERROR[0m [2mcargo_tarpaulin[0m[2m:[0m Cargo failed to run! Error: cargo run failed
Error: "Cargo failed to run! Error: cargo run failed"
